2022-06-27 11:00:49.532[error] Failed to load addon.node
2022-06-27 11:00:51.864[error] Failed to load UVCCamCtrl.node
2022-06-27 11:00:52.586[warn] VideoLayer.node not loaded!
2022-06-27 11:00:52.587[debug] startUrl http://localhost:3000
2022-06-27 11:00:54.620[verbose] Receive setVideoLayerPosition 10 731
2022-06-27 11:00:54.621[warn] VideoLayer.node not loaded!
2022-06-27 11:00:54.623[verbose] Receive setVideoLayerSize 1420 646.5
2022-06-27 11:00:54.623[warn] VideoLayer.node not loaded!
2022-06-27 11:00:54.632[debug] Receive getCameras
2022-06-27 11:00:54.632[debug] test1
2022-06-27 11:00:54.633[warn] VideoLayer.node not loaded!
2022-06-27 11:00:54.633[warn] VideoLayer.node not loaded!
2022-06-27 11:00:54.633[debug] 
2022-06-27 11:00:54.634[debug] test2
2022-06-27 11:00:58.664[warn] VideoLayer.node not loaded!
2022-06-27 11:01:07.699[error] Failed to load addon.node
2022-06-27 11:01:11.325[warn] VideoLayer.node not loaded!
2022-06-27 11:01:11.326[debug] startUrl http://localhost:3000
2022-06-27 11:01:12.440[verbose] Receive setVideoLayerPosition 10 726
2022-06-27 11:01:12.441[warn] VideoLayer.node not loaded!
2022-06-27 11:01:12.443[verbose] Receive setVideoLayerSize 1420 642
2022-06-27 11:01:12.443[warn] VideoLayer.node not loaded!
2022-06-27 11:01:12.466[debug] Receive getCameras
2022-06-27 11:01:12.564[debug] getCamerasMac []
2022-06-27 11:01:12.565[debug] test1
2022-06-27 11:01:12.566[warn] VideoLayer.node not loaded!
2022-06-27 11:01:12.566[warn] VideoLayer.node not loaded!
2022-06-27 11:01:12.566[debug] 
2022-06-27 11:01:12.567[debug] test2
2022-06-27 11:01:15.870[warn] VideoLayer.node not loaded!
2022-06-27 11:01:25.934[error] Failed to load addon.node
2022-06-27 11:01:26.444[warn] VideoLayer.node not loaded!
2022-06-27 11:01:26.449[debug] startUrl http://localhost:3000
2022-06-27 11:01:27.540[verbose] Receive setVideoLayerPosition 10 726
2022-06-27 11:01:27.540[warn] VideoLayer.node not loaded!
2022-06-27 11:01:27.541[verbose] Receive setVideoLayerSize 1420 642
2022-06-27 11:01:27.541[warn] VideoLayer.node not loaded!
2022-06-27 11:01:27.553[debug] Receive getCameras
2022-06-27 11:01:27.634[debug] getCamerasMac []
2022-06-27 11:01:27.635[debug] test1
2022-06-27 11:01:27.635[warn] VideoLayer.node not loaded!
2022-06-27 11:01:27.636[warn] VideoLayer.node not loaded!
2022-06-27 11:01:27.636[debug] 
2022-06-27 11:01:27.636[debug] test2
2022-06-27 11:01:31.049[warn] VideoLayer.node not loaded!
2022-06-27 11:01:36.617[debug] startUrl http://localhost:3000
2022-06-27 11:01:37.615[verbose] Receive setVideoLayerPosition 10 731
2022-06-27 11:01:37.619[verbose] Receive setVideoLayerSize 1420 646.5
2022-06-27 11:01:37.624[debug] Receive getCameras
2022-06-27 11:01:37.629[debug] getCamerasMac []
2022-06-27 11:01:37.630[debug] test1
2022-06-27 11:01:37.630[debug] 0x14100000047d80b3
2022-06-27 11:01:37.631[debug] test2
2022-06-27 11:02:01.222[debug] startUrl http://localhost:3000
2022-06-27 11:02:02.382[verbose] Receive setVideoLayerPosition 10 726
2022-06-27 11:02:02.396[verbose] Receive setVideoLayerSize 1420 642
2022-06-27 11:02:02.399[debug] Receive getCameras
2022-06-27 11:02:02.414[debug] Serial number of camera: 0x14100000047d80b4
20211109004
2022-06-27 11:02:02.415[debug] getCamerasMac [{"name":"Kensington W2050 Full HD Auto Focus Pro Webcam","path":"0x14100000047d80b4","vid":"047d","pid":"80b4","serialNumber":"20211109004"}]
2022-06-27 11:02:02.415[debug] test1
2022-06-27 11:02:02.416[debug] 0x14100000047d80b3
2022-06-27 11:02:02.416[debug] test2
2022-06-27 11:02:02.553[debug] Receive getCameras
2022-06-27 11:02:02.555[debug] Serial number of camera: 0x14100000047d80b4
20211109004
2022-06-27 11:02:02.555[debug] getCamerasMac [{"name":"Kensington W2050 Full HD Auto Focus Pro Webcam","path":"0x14100000047d80b4","vid":"047d","pid":"80b4","serialNumber":"20211109004"}]
2022-06-27 11:02:02.556[debug] test1
2022-06-27 11:02:02.556[debug] 0x14100000047d80b3
2022-06-27 11:02:02.556[debug] test2
2022-06-27 11:02:07.767[debug] Receive openCamera
2022-06-27 11:02:07.767[debug] isopenture
2022-06-27 11:02:17.290[debug] Receive openCamera
2022-06-27 11:02:17.291[debug] isopenture
2022-06-27 11:10:47.738[debug] startUrl http://localhost:3000
2022-06-27 11:10:48.727[verbose] Receive setVideoLayerPosition 10 726
2022-06-27 11:10:48.728[verbose] Receive setVideoLayerSize 1420 642
2022-06-27 11:10:48.729[debug] Receive getCameras
2022-06-27 11:10:48.753[debug] Serial number of camera: 0x14100000047d80b4
20211109004
2022-06-27 11:10:48.754[debug] getCamerasMac [{"name":"Kensington W2050 Full HD Auto Focus Pro Webcam","path":"0x14100000047d80b4","vid":"047d","pid":"80b4","serialNumber":"20211109004"}]
2022-06-27 11:10:48.754[debug] start _getCamera in ipc.ts and set locationID
2022-06-27 11:10:48.804[debug] get locationId and print it
2022-06-27 11:10:48.804[debug] 0x14100000047d80b4
2022-06-27 11:10:48.996[debug] Receive getCameras
2022-06-27 11:10:48.998[debug] Serial number of camera: 0x14100000047d80b4
20211109004
2022-06-27 11:10:48.998[debug] getCamerasMac [{"name":"Kensington W2050 Full HD Auto Focus Pro Webcam","path":"0x14100000047d80b4","vid":"047d","pid":"80b4","serialNumber":"20211109004"}]
2022-06-27 11:10:48.998[debug] start _getCamera in ipc.ts and set locationID
2022-06-27 11:10:49.025[debug] get locationId and print it
2022-06-27 11:10:49.025[debug] 0x14100000047d80b4
2022-06-27 11:10:49.026[debug] Receive getCameras
2022-06-27 11:10:49.029[debug] Serial number of camera: 0x14100000047d80b4
20211109004
2022-06-27 11:10:49.029[debug] getCamerasMac [{"name":"Kensington W2050 Full HD Auto Focus Pro Webcam","path":"0x14100000047d80b4","vid":"047d","pid":"80b4","serialNumber":"20211109004"}]
2022-06-27 11:10:49.030[debug] start _getCamera in ipc.ts and set locationID
2022-06-27 11:10:49.058[debug] get locationId and print it
2022-06-27 11:10:49.058[debug] 0x14100000047d80b4
2022-06-27 11:10:57.340[debug] Receive openCamera
2022-06-27 11:10:57.341[debug] isopenture
2022-06-27 11:33:00.203[debug] startUrl http://localhost:3000
2022-06-27 11:33:01.481[verbose] Receive setVideoLayerPosition 10 726
2022-06-27 11:33:01.483[verbose] Receive setVideoLayerSize 1420 642
2022-06-27 11:33:01.488[debug] Receive getCameras
2022-06-27 11:33:01.502[debug] Serial number of camera: 0x14100000047d80b4
20211109004
2022-06-27 11:33:01.502[debug] getCamerasMac [{"name":"Kensington W2050 Full HD Auto Focus Pro Webcam","path":"0x14100000047d80b4","vid":"047d","pid":"80b4","serialNumber":"20211109004"}]
2022-06-27 11:33:01.503[debug] start _getCamera in ipc.ts and set locationID
2022-06-27 11:33:01.540[debug] get locationId and print it
2022-06-27 11:33:01.540[debug] 0x14100000047d80b4
2022-06-27 11:33:01.605[debug] Receive getCameras
2022-06-27 11:33:01.606[debug] Serial number of camera: 0x14100000047d80b4
20211109004
2022-06-27 11:33:01.607[debug] getCamerasMac [{"name":"Kensington W2050 Full HD Auto Focus Pro Webcam","path":"0x14100000047d80b4","vid":"047d","pid":"80b4","serialNumber":"20211109004"}]
2022-06-27 11:33:01.607[debug] start _getCamera in ipc.ts and set locationID
2022-06-27 11:33:01.635[debug] get locationId and print it
2022-06-27 11:33:01.635[debug] 0x14100000047d80b4
2022-06-27 11:33:01.636[debug] Receive getCameras
2022-06-27 11:33:01.640[debug] Serial number of camera: 0x14100000047d80b4
20211109004
2022-06-27 11:33:01.641[debug] getCamerasMac [{"name":"Kensington W2050 Full HD Auto Focus Pro Webcam","path":"0x14100000047d80b4","vid":"047d","pid":"80b4","serialNumber":"20211109004"}]
2022-06-27 11:33:01.641[debug] start _getCamera in ipc.ts and set locationID
2022-06-27 11:33:01.670[debug] get locationId and print it
2022-06-27 11:33:01.671[debug] 0x14100000047d80b4
2022-06-27 11:33:04.732[debug] Receive openCamera
2022-06-27 11:33:04.733[debug] Call openCamera in addon.cpp
2022-06-27 11:33:17.704[debug] Receive openCamera
2022-06-27 11:33:17.704[debug] Call openCamera in addon.cpp
2022-06-27 11:33:18.006[debug] Receive openCamera
2022-06-27 11:33:18.007[debug] Call openCamera in addon.cpp
2022-06-27 11:33:18.330[debug] Receive openCamera
2022-06-27 11:33:18.331[debug] Call openCamera in addon.cpp
2022-06-27 11:33:29.167[debug] Receive getCameras
2022-06-27 11:33:29.168[debug] Serial number of camera: 0x14100000047d80b4
20211109004
2022-06-27 11:33:29.169[debug] getCamerasMac [{"name":"Kensington W2050 Full HD Auto Focus Pro Webcam","path":"0x14100000047d80b4","vid":"047d","pid":"80b4","serialNumber":"20211109004"}]
2022-06-27 11:33:29.169[debug] start _getCamera in ipc.ts and set locationID
2022-06-27 11:33:29.454[debug] get locationId and print it
2022-06-27 11:33:29.454[debug] 0x14100000047d80b4
2022-06-27 11:33:36.389[debug] Receive openCamera
2022-06-27 11:33:36.389[debug] Call openCamera in addon.cpp
2022-06-27 11:33:41.607[debug] Receive closeCamera
2022-06-27 11:33:44.990[debug] Receive openCamera
2022-06-27 11:33:44.990[debug] Call openCamera in addon.cpp
2022-06-27 11:33:48.438[debug] Receive closeCamera
2022-06-27 11:33:51.449[debug] Receive openCamera
2022-06-27 11:33:51.450[debug] Call openCamera in addon.cpp
2022-06-27 11:44:35.801[debug] startUrl http://localhost:3000
2022-06-27 11:44:36.734[verbose] Receive setVideoLayerPosition 10 721
2022-06-27 11:44:36.737[verbose] Receive setVideoLayerSize 1420 637
2022-06-27 11:44:36.739[debug] Receive getCameras
2022-06-27 11:44:36.755[debug] Serial number of camera: 0x14100000047d80b4
20211109004
2022-06-27 11:44:36.756[debug] getCamerasMac [{"name":"Kensington W2050 Full HD Auto Focus Pro Webcam","path":"0x14100000047d80b4","vid":"047d","pid":"80b4","serialNumber":"20211109004"}]
2022-06-27 11:44:36.757[debug] start _getCamera in ipc.ts and set locationID
2022-06-27 11:44:36.803[debug] get locationId and print it
2022-06-27 11:44:36.803[debug] 0x14100000047d80b4
2022-06-27 11:44:36.836[debug] Receive getCameras
2022-06-27 11:44:36.838[debug] Serial number of camera: 0x14100000047d80b4
20211109004
2022-06-27 11:44:36.840[debug] getCamerasMac [{"name":"Kensington W2050 Full HD Auto Focus Pro Webcam","path":"0x14100000047d80b4","vid":"047d","pid":"80b4","serialNumber":"20211109004"}]
2022-06-27 11:44:36.840[debug] start _getCamera in ipc.ts and set locationID
2022-06-27 11:44:36.869[debug] get locationId and print it
2022-06-27 11:44:36.869[debug] 0x14100000047d80b4
2022-06-27 11:44:36.998[debug] Receive getCameras
2022-06-27 11:44:37.000[debug] Serial number of camera: 0x14100000047d80b4
20211109004
2022-06-27 11:44:37.000[debug] getCamerasMac [{"name":"Kensington W2050 Full HD Auto Focus Pro Webcam","path":"0x14100000047d80b4","vid":"047d","pid":"80b4","serialNumber":"20211109004"}]
2022-06-27 11:44:37.000[debug] start _getCamera in ipc.ts and set locationID
2022-06-27 11:44:37.030[debug] get locationId and print it
2022-06-27 11:44:37.031[debug] 0x14100000047d80b4
2022-06-27 11:44:41.717[debug] Receive openCamera
2022-06-27 11:44:41.718[debug] Call openCamera in addon.cpp
2022-06-27 11:45:02.532[debug] Receive openCamera
2022-06-27 11:45:02.533[debug] Call openCamera in addon.cpp
2022-06-27 11:45:16.472[debug] Receive getCameras
2022-06-27 11:45:16.474[debug] Serial number of camera: 0x14100000047d80b4
20211109004
2022-06-27 11:45:16.474[debug] getCamerasMac [{"name":"Kensington W2050 Full HD Auto Focus Pro Webcam","path":"0x14100000047d80b4","vid":"047d","pid":"80b4","serialNumber":"20211109004"}]
2022-06-27 11:45:16.474[debug] start _getCamera in ipc.ts and set locationID
2022-06-27 11:45:16.503[debug] get locationId and print it
2022-06-27 11:45:16.504[debug] 0x14100000047d80b4
2022-06-27 11:45:17.739[debug] Receive openCamera
2022-06-27 11:45:17.739[debug] Call openCamera in addon.cpp
2022-06-27 11:45:20.284[debug] Receive closeCamera
2022-06-27 11:45:20.475[debug] Receive closeCamera
2022-06-27 11:45:20.939[debug] Receive openCamera
2022-06-27 11:45:20.940[debug] Call openCamera in addon.cpp
2022-06-27 11:45:21.075[debug] Receive openCamera
2022-06-27 11:45:21.075[debug] Call openCamera in addon.cpp
2022-06-27 11:45:21.243[debug] Receive openCamera
2022-06-27 11:45:21.243[debug] Call openCamera in addon.cpp
2022-06-27 11:45:21.410[debug] Receive openCamera
2022-06-27 11:45:21.411[debug] Call openCamera in addon.cpp
2022-06-27 11:45:21.578[debug] Receive openCamera
2022-06-27 11:45:21.578[debug] Call openCamera in addon.cpp
2022-06-27 11:45:21.954[debug] Receive closeCamera
2022-06-27 11:45:22.131[debug] Receive closeCamera
2022-06-27 11:45:22.554[debug] Receive openCamera
2022-06-27 11:45:22.555[debug] Call openCamera in addon.cpp
2022-06-27 11:45:22.714[debug] Receive openCamera
2022-06-27 11:45:22.714[debug] Call openCamera in addon.cpp
2022-06-27 11:45:23.082[debug] Receive closeCamera
2022-06-27 11:45:28.452[debug] Receive openCamera
2022-06-27 11:45:28.452[debug] Call openCamera in addon.cpp
2022-06-27 11:45:28.842[debug] Receive openCamera
2022-06-27 11:45:28.842[debug] Call openCamera in addon.cpp
2022-06-27 11:45:28.993[debug] Receive openCamera
2022-06-27 11:45:28.993[debug] Call openCamera in addon.cpp
2022-06-27 11:45:32.321[debug] Receive openCamera
2022-06-27 11:45:32.321[debug] Call openCamera in addon.cpp
2022-06-27 11:45:32.489[debug] Receive openCamera
2022-06-27 11:45:32.490[debug] Call openCamera in addon.cpp
2022-06-27 11:45:32.656[debug] Receive openCamera
2022-06-27 11:45:32.656[debug] Call openCamera in addon.cpp
2022-06-27 11:45:32.824[debug] Receive openCamera
2022-06-27 11:45:32.824[debug] Call openCamera in addon.cpp
2022-06-27 11:45:32.976[debug] Receive openCamera
2022-06-27 11:45:32.976[debug] Call openCamera in addon.cpp
2022-06-27 11:45:33.160[debug] Receive openCamera
2022-06-27 11:45:33.160[debug] Call openCamera in addon.cpp
