2022-06-24 16:10:14.250[debug] startUrl http://localhost:3000
2022-06-24 16:10:15.717[verbose] Receive setVideoLayerPosition 10 678
2022-06-24 16:15:08.933[debug] startUrl http://localhost:3000
2022-06-24 16:15:10.351[verbose] Receive setVideoLayerPosition 10 678
2022-06-24 16:15:10.353[verbose] Receive setVideoLayerSize 1260 595
2022-06-24 16:15:10.360[debug] Receive getCameras
2022-06-24 16:18:25.060[debug] startUrl http://localhost:3000
2022-06-24 16:18:26.682[verbose] Receive setVideoLayerPosition 10 678
2022-06-24 16:18:26.689[verbose] Receive setVideoLayerSize 1260 595
2022-06-24 16:18:26.696[debug] Receive getCameras
2022-06-24 16:18:26.712[debug] Serial number of camera: 0x14100000047d80b3
20211110001
2022-06-24 16:18:26.713[debug] getCamerasMac [{"name":"Kensington W2000 Full HD Auto Focus Webcam","path":"0x14100000047d80b3","vid":"047d","pid":"80b3","serialNumber":"20211110001"}]
2022-06-24 16:18:26.714[debug] test1
2022-06-24 16:18:26.755[debug] isture
2022-06-24 16:18:26.755[debug] strid:
2022-06-24 16:18:26.756[debug] test2
2022-06-24 16:18:26.788[debug] Receive getCameras
2022-06-24 16:18:26.799[debug] Serial number of camera: 0x14100000047d80b3
20211110001
2022-06-24 16:18:26.800[debug] getCamerasMac [{"name":"Kensington W2000 Full HD Auto Focus Webcam","path":"0x14100000047d80b3","vid":"047d","pid":"80b3","serialNumber":"20211110001"}]
2022-06-24 16:18:26.800[debug] test1
2022-06-24 16:18:26.839[debug] isture
2022-06-24 16:18:26.839[debug] strid:
2022-06-24 16:18:26.839[debug] test2
2022-06-24 16:18:26.841[debug] Receive getCameras
2022-06-24 16:18:26.845[debug] Serial number of camera: 0x14100000047d80b3
20211110001
2022-06-24 16:18:26.845[debug] getCamerasMac [{"name":"Kensington W2000 Full HD Auto Focus Webcam","path":"0x14100000047d80b3","vid":"047d","pid":"80b3","serialNumber":"20211110001"}]
2022-06-24 16:18:26.845[debug] test1
2022-06-24 16:18:26.876[debug] isture
2022-06-24 16:18:26.876[debug] strid:
2022-06-24 16:18:26.881[debug] test2
2022-06-24 16:18:36.130[debug] Receive openCamera
2022-06-24 16:27:38.496[debug] startUrl http://localhost:3000
2022-06-24 16:27:39.984[verbose] Receive setVideoLayerPosition 10 678
2022-06-24 16:27:39.985[verbose] Receive setVideoLayerSize 1260 595
2022-06-24 16:27:39.986[debug] Receive getCameras
2022-06-24 16:27:40.006[debug] Serial number of camera: 0x14100000047d80b3
20211110001
2022-06-24 16:27:40.007[debug] getCamerasMac [{"name":"Kensington W2000 Full HD Auto Focus Webcam","path":"0x14100000047d80b3","vid":"047d","pid":"80b3","serialNumber":"20211110001"}]
2022-06-24 16:27:40.007[debug] test1
2022-06-24 16:27:40.053[debug] isture
2022-06-24 16:27:40.054[debug] strid:
2022-06-24 16:27:40.055[debug] test2
2022-06-24 16:27:40.149[debug] Receive getCameras
2022-06-24 16:27:40.170[debug] Serial number of camera: 0x14100000047d80b3
20211110001
2022-06-24 16:27:40.170[debug] getCamerasMac [{"name":"Kensington W2000 Full HD Auto Focus Webcam","path":"0x14100000047d80b3","vid":"047d","pid":"80b3","serialNumber":"20211110001"}]
2022-06-24 16:27:40.170[debug] test1
2022-06-24 16:27:40.205[debug] isture
2022-06-24 16:27:40.208[debug] strid:
2022-06-24 16:27:40.208[debug] test2
2022-06-24 16:27:40.211[debug] Receive getCameras
2022-06-24 16:27:40.212[debug] Serial number of camera: 0x14100000047d80b3
20211110001
2022-06-24 16:27:40.212[debug] getCamerasMac [{"name":"Kensington W2000 Full HD Auto Focus Webcam","path":"0x14100000047d80b3","vid":"047d","pid":"80b3","serialNumber":"20211110001"}]
2022-06-24 16:27:40.213[debug] test1
2022-06-24 16:27:40.234[debug] isture
2022-06-24 16:27:40.234[debug] strid:
2022-06-24 16:27:40.235[debug] test2
2022-06-24 16:27:44.727[debug] Receive openCamera
2022-06-24 16:33:44.878[debug] startUrl http://localhost:3000
2022-06-24 16:33:46.236[verbose] Receive setVideoLayerPosition 10 679
2022-06-24 16:33:46.237[verbose] Receive setVideoLayerSize 1260 596
2022-06-24 16:33:46.238[debug] Receive getCameras
2022-06-24 16:33:46.249[debug] Serial number of camera: 0x14100000047d80b3
20211110001
2022-06-24 16:33:46.250[debug] getCamerasMac [{"name":"Kensington W2000 Full HD Auto Focus Webcam","path":"0x14100000047d80b3","vid":"047d","pid":"80b3","serialNumber":"20211110001"}]
2022-06-24 16:33:46.250[debug] test1
2022-06-24 16:33:46.290[debug] isture
2022-06-24 16:33:46.291[debug] strid:
2022-06-24 16:33:46.291[debug] test2
2022-06-24 16:33:46.314[debug] Receive getCameras
2022-06-24 16:33:46.316[debug] Serial number of camera: 0x14100000047d80b3
20211110001
2022-06-24 16:33:46.316[debug] getCamerasMac [{"name":"Kensington W2000 Full HD Auto Focus Webcam","path":"0x14100000047d80b3","vid":"047d","pid":"80b3","serialNumber":"20211110001"}]
2022-06-24 16:33:46.317[debug] test1
2022-06-24 16:33:46.343[debug] isture
2022-06-24 16:33:46.344[debug] strid:
2022-06-24 16:33:46.344[debug] test2
2022-06-24 16:33:46.345[debug] Receive getCameras
2022-06-24 16:33:46.347[debug] Serial number of camera: 0x14100000047d80b3
20211110001
2022-06-24 16:33:46.347[debug] getCamerasMac [{"name":"Kensington W2000 Full HD Auto Focus Webcam","path":"0x14100000047d80b3","vid":"047d","pid":"80b3","serialNumber":"20211110001"}]
2022-06-24 16:33:46.348[debug] test1
2022-06-24 16:33:46.382[debug] isture
2022-06-24 16:33:46.382[debug] strid:
2022-06-24 16:33:46.382[debug] test2
2022-06-24 16:34:01.896[debug] Receive getCameras
2022-06-24 16:34:01.899[debug] Serial number of camera: 0x14100000047d80b3
20211110001
2022-06-24 16:34:01.899[debug] getCamerasMac [{"name":"Kensington W2000 Full HD Auto Focus Webcam","path":"0x14100000047d80b3","vid":"047d","pid":"80b3","serialNumber":"20211110001"}]
2022-06-24 16:34:01.900[debug] test1
2022-06-24 16:34:01.921[debug] isture
2022-06-24 16:34:01.921[debug] strid:
2022-06-24 16:34:01.921[debug] test2
2022-06-24 16:43:29.224[debug] startUrl http://localhost:3000
2022-06-24 16:43:30.400[verbose] Receive setVideoLayerPosition 10 678
2022-06-24 16:43:30.401[verbose] Receive setVideoLayerSize 1260 595
2022-06-24 16:43:30.402[debug] Receive getCameras
2022-06-24 16:43:30.417[debug] Serial number of camera: 0x14100000047d80b3
20211110001
2022-06-24 16:43:30.419[debug] getCamerasMac [{"name":"Kensington W2000 Full HD Auto Focus Webcam","path":"0x14100000047d80b3","vid":"047d","pid":"80b3","serialNumber":"20211110001"}]
2022-06-24 16:43:30.420[debug] test1
2022-06-24 16:43:30.477[debug] isture
2022-06-24 16:43:30.477[debug] strid:
2022-06-24 16:43:30.477[debug] test2
2022-06-24 16:43:30.701[debug] Receive getCameras
2022-06-24 16:43:30.703[debug] Serial number of camera: 0x14100000047d80b3
20211110001
2022-06-24 16:43:30.704[debug] getCamerasMac [{"name":"Kensington W2000 Full HD Auto Focus Webcam","path":"0x14100000047d80b3","vid":"047d","pid":"80b3","serialNumber":"20211110001"}]
2022-06-24 16:43:30.704[debug] test1
2022-06-24 16:43:30.726[debug] isture
2022-06-24 16:43:30.726[debug] strid:
2022-06-24 16:43:30.726[debug] test2
2022-06-24 16:43:30.727[debug] Receive getCameras
2022-06-24 16:43:30.728[debug] Serial number of camera: 0x14100000047d80b3
20211110001
2022-06-24 16:43:30.729[debug] getCamerasMac [{"name":"Kensington W2000 Full HD Auto Focus Webcam","path":"0x14100000047d80b3","vid":"047d","pid":"80b3","serialNumber":"20211110001"}]
2022-06-24 16:43:30.729[debug] test1
2022-06-24 16:43:30.747[debug] isture
2022-06-24 16:43:30.747[debug] strid:
2022-06-24 16:43:30.748[debug] test2
2022-06-24 16:44:32.987[debug] Receive openCamera
2022-06-24 16:45:07.732[debug] startUrl http://localhost:3000
2022-06-24 16:45:08.909[verbose] Receive setVideoLayerPosition 10 679
2022-06-24 16:45:08.910[verbose] Receive setVideoLayerSize 1260 596
2022-06-24 16:45:08.911[debug] Receive getCameras
2022-06-24 16:45:08.929[debug] Serial number of camera: 0x14100000047d80b3
20211110001
2022-06-24 16:45:08.931[debug] getCamerasMac [{"name":"Kensington W2000 Full HD Auto Focus Webcam","path":"0x14100000047d80b3","vid":"047d","pid":"80b3","serialNumber":"20211110001"}]
2022-06-24 16:45:08.931[debug] test1
2022-06-24 16:45:08.981[debug] test2
2022-06-24 16:45:09.124[debug] Receive getCameras
2022-06-24 16:45:09.131[debug] Serial number of camera: 0x14100000047d80b3
20211110001
2022-06-24 16:45:09.131[debug] getCamerasMac [{"name":"Kensington W2000 Full HD Auto Focus Webcam","path":"0x14100000047d80b3","vid":"047d","pid":"80b3","serialNumber":"20211110001"}]
2022-06-24 16:45:09.134[debug] test1
2022-06-24 16:45:09.198[debug] test2
2022-06-24 16:45:09.214[debug] Receive getCameras
2022-06-24 16:45:09.235[debug] Serial number of camera: 0x14100000047d80b3
20211110001
2022-06-24 16:45:09.236[debug] getCamerasMac [{"name":"Kensington W2000 Full HD Auto Focus Webcam","path":"0x14100000047d80b3","vid":"047d","pid":"80b3","serialNumber":"20211110001"}]
2022-06-24 16:45:09.236[debug] test1
2022-06-24 16:45:09.260[debug] test2
2022-06-24 16:48:37.150[debug] startUrl http://localhost:3000
2022-06-24 16:48:38.739[verbose] Receive setVideoLayerPosition 10 678
2022-06-24 16:48:38.742[verbose] Receive setVideoLayerSize 1260 595
2022-06-24 16:48:38.748[debug] Receive getCameras
2022-06-24 16:48:38.760[debug] Serial number of camera: 0x14100000047d80b3
20211110001
2022-06-24 16:48:38.761[debug] getCamerasMac [{"name":"Kensington W2000 Full HD Auto Focus Webcam","path":"0x14100000047d80b3","vid":"047d","pid":"80b3","serialNumber":"20211110001"}]
2022-06-24 16:48:38.761[debug] test1
2022-06-24 16:48:38.807[debug] 0x14100000047d80b3
2022-06-24 16:48:38.808[debug] test2
2022-06-24 16:48:38.827[debug] Receive getCameras
2022-06-24 16:48:38.828[debug] Serial number of camera: 0x14100000047d80b3
20211110001
2022-06-24 16:48:38.829[debug] getCamerasMac [{"name":"Kensington W2000 Full HD Auto Focus Webcam","path":"0x14100000047d80b3","vid":"047d","pid":"80b3","serialNumber":"20211110001"}]
2022-06-24 16:48:38.829[debug] test1
2022-06-24 16:48:38.855[debug] 0x14100000047d80b3
2022-06-24 16:48:38.855[debug] test2
2022-06-24 16:48:38.898[debug] Receive getCameras
2022-06-24 16:48:38.899[debug] Serial number of camera: 0x14100000047d80b3
20211110001
2022-06-24 16:48:38.900[debug] getCamerasMac [{"name":"Kensington W2000 Full HD Auto Focus Webcam","path":"0x14100000047d80b3","vid":"047d","pid":"80b3","serialNumber":"20211110001"}]
2022-06-24 16:48:38.900[debug] test1
2022-06-24 16:48:38.919[debug] 0x14100000047d80b3
2022-06-24 16:48:38.919[debug] test2
2022-06-24 16:54:56.171[debug] startUrl http://localhost:3000
2022-06-24 16:54:57.856[verbose] Receive setVideoLayerPosition 10 678
2022-06-24 16:54:57.857[verbose] Receive setVideoLayerSize 1260 595
2022-06-24 16:54:57.860[debug] Receive getCameras
2022-06-24 16:54:57.871[debug] Serial number of camera: 0x14100000047d80b3
20211110001
2022-06-24 16:54:57.871[debug] getCamerasMac [{"name":"Kensington W2000 Full HD Auto Focus Webcam","path":"0x14100000047d80b3","vid":"047d","pid":"80b3","serialNumber":"20211110001"}]
2022-06-24 16:54:57.872[debug] test1
2022-06-24 16:54:57.911[debug] 0x14100000047d80b3
2022-06-24 16:54:57.912[debug] test2
2022-06-24 16:54:58.069[debug] Receive getCameras
2022-06-24 16:54:58.071[debug] Serial number of camera: 0x14100000047d80b3
20211110001
2022-06-24 16:54:58.072[debug] getCamerasMac [{"name":"Kensington W2000 Full HD Auto Focus Webcam","path":"0x14100000047d80b3","vid":"047d","pid":"80b3","serialNumber":"20211110001"}]
2022-06-24 16:54:58.072[debug] test1
2022-06-24 16:54:58.096[debug] 0x14100000047d80b3
2022-06-24 16:54:58.096[debug] test2
2022-06-24 16:54:58.132[debug] Receive getCameras
2022-06-24 16:54:58.134[debug] Serial number of camera: 0x14100000047d80b3
20211110001
2022-06-24 16:54:58.134[debug] getCamerasMac [{"name":"Kensington W2000 Full HD Auto Focus Webcam","path":"0x14100000047d80b3","vid":"047d","pid":"80b3","serialNumber":"20211110001"}]
2022-06-24 16:54:58.134[debug] test1
2022-06-24 16:54:58.158[debug] 0x14100000047d80b3
2022-06-24 16:54:58.158[debug] test2
2022-06-24 16:58:42.490[debug] startUrl http://localhost:3000
2022-06-24 16:58:43.853[verbose] Receive setVideoLayerPosition 10 678
2022-06-24 16:58:43.854[verbose] Receive setVideoLayerSize 1260 595
2022-06-24 16:58:43.855[debug] Receive getCameras
2022-06-24 16:58:43.865[debug] Serial number of camera: 0x14100000047d80b3
20211110001
2022-06-24 16:58:43.866[debug] getCamerasMac [{"name":"Kensington W2000 Full HD Auto Focus Webcam","path":"0x14100000047d80b3","vid":"047d","pid":"80b3","serialNumber":"20211110001"}]
2022-06-24 16:58:43.866[debug] test1
2022-06-24 16:58:44.006[debug] 0x14100000047d80b3
2022-06-24 16:58:44.007[debug] test2
2022-06-24 16:58:44.037[debug] Receive getCameras
2022-06-24 16:58:44.040[debug] Serial number of camera: 0x14100000047d80b3
20211110001
2022-06-24 16:58:44.041[debug] getCamerasMac [{"name":"Kensington W2000 Full HD Auto Focus Webcam","path":"0x14100000047d80b3","vid":"047d","pid":"80b3","serialNumber":"20211110001"}]
2022-06-24 16:58:44.041[debug] test1
2022-06-24 16:58:44.070[debug] 0x14100000047d80b3
2022-06-24 16:58:44.071[debug] test2
2022-06-24 16:58:44.099[debug] Receive getCameras
2022-06-24 16:58:44.101[debug] Serial number of camera: 0x14100000047d80b3
20211110001
2022-06-24 16:58:44.101[debug] getCamerasMac [{"name":"Kensington W2000 Full HD Auto Focus Webcam","path":"0x14100000047d80b3","vid":"047d","pid":"80b3","serialNumber":"20211110001"}]
2022-06-24 16:58:44.101[debug] test1
2022-06-24 16:58:44.118[debug] 0x14100000047d80b3
2022-06-24 16:58:44.119[debug] test2
2022-06-24 16:58:49.223[debug] Receive openCamera
