2022-06-28 12:23:36.802[debug] startUrl http://localhost:3000
2022-06-28 12:23:38.192[verbose] Receive setVideoLayerPosition 10 720
2022-06-28 12:23:38.194[verbose] Receive setVideoLayerSize 1420 636
2022-06-28 12:23:38.196[debug] Receive getCameras
2022-06-28 12:23:38.614[debug] Serial number of camera: 0x14200000047d80b4
20211109004
2022-06-28 12:23:38.615[debug] getCamerasMac [{"name":"Kensington W2050 Full HD Auto Focus Pro Webcam","path":"0x14200000047d80b4","vid":"047d","pid":"80b4","serialNumber":"20211109004"}]
2022-06-28 12:23:38.615[debug] start _getCamera in ipc.ts and set locationID
2022-06-28 12:23:38.616[debug] get locationId and print it
2022-06-28 12:23:38.616[debug] 
2022-06-28 12:23:38.629[debug] Receive getCameras
2022-06-28 12:23:38.630[debug] Serial number of camera: 0x14200000047d80b4
20211109004
2022-06-28 12:23:38.631[debug] getCamerasMac [{"name":"Kensington W2050 Full HD Auto Focus Pro Webcam","path":"0x14200000047d80b4","vid":"047d","pid":"80b4","serialNumber":"20211109004"}]
2022-06-28 12:23:38.631[debug] start _getCamera in ipc.ts and set locationID
2022-06-28 12:23:38.632[debug] get locationId and print it
2022-06-28 12:23:38.632[debug] 
2022-06-28 12:23:43.422[debug] Receive getCameras
2022-06-28 12:23:43.423[debug] Serial number of camera: 0x14200000047d80b4
20211109004
2022-06-28 12:23:43.424[debug] getCamerasMac [{"name":"Kensington W2050 Full HD Auto Focus Pro Webcam","path":"0x14200000047d80b4","vid":"047d","pid":"80b4","serialNumber":"20211109004"}]
2022-06-28 12:23:43.424[debug] start _getCamera in ipc.ts and set locationID
2022-06-28 12:23:43.424[debug] get locationId and print it
2022-06-28 12:23:43.424[debug] 
2022-06-28 12:23:43.425[debug] Receive setCamera 0x14200000047d80b4
2022-06-28 12:23:43.426[debug] Serial number of camera: 0x14200000047d80b4
20211109004
2022-06-28 12:23:43.427[debug] getCamerasMac [{"name":"Kensington W2050 Full HD Auto Focus Pro Webcam","path":"0x14200000047d80b4","vid":"047d","pid":"80b4","serialNumber":"20211109004"}]
2022-06-28 12:23:43.427[debug] start _getCamera in ipc.ts and set locationID
2022-06-28 12:23:43.427[debug] get locationId and print it
2022-06-28 12:23:43.427[debug] 
2022-06-28 12:23:43.430[debug] Receive getCameras
2022-06-28 12:23:43.433[debug] Serial number of camera: 0x14200000047d80b4
20211109004
2022-06-28 12:23:43.433[debug] getCamerasMac [{"name":"Kensington W2050 Full HD Auto Focus Pro Webcam","path":"0x14200000047d80b4","vid":"047d","pid":"80b4","serialNumber":"20211109004"}]
2022-06-28 12:23:43.433[debug] start _getCamera in ipc.ts and set locationID
2022-06-28 12:23:43.433[debug] get locationId and print it
2022-06-28 12:23:43.434[debug] 
2022-06-28 12:39:27.835[debug] startUrl http://localhost:3000
2022-06-28 12:39:28.980[verbose] Receive setVideoLayerPosition 10 721
2022-06-28 12:39:28.985[verbose] Receive setVideoLayerSize 1420 637
2022-06-28 12:39:28.987[debug] Receive getCameras
2022-06-28 12:39:29.279[debug] Serial number of camera: 0x14200000047d80b4
20211109004
2022-06-28 12:39:29.280[debug] getCamerasMac [{"name":"Kensington W2050 Full HD Auto Focus Pro Webcam","path":"0x14200000047d80b4","vid":"047d","pid":"80b4","serialNumber":"20211109004"}]
2022-06-28 12:39:29.281[debug] start _getCamera in ipc.ts and set locationID
2022-06-28 12:39:29.281[debug] get locationId and print it
2022-06-28 12:39:29.282[debug] 
2022-06-28 12:39:29.295[debug] Receive getCameras
2022-06-28 12:39:29.297[debug] Serial number of camera: 0x14200000047d80b4
20211109004
2022-06-28 12:39:29.298[debug] getCamerasMac [{"name":"Kensington W2050 Full HD Auto Focus Pro Webcam","path":"0x14200000047d80b4","vid":"047d","pid":"80b4","serialNumber":"20211109004"}]
2022-06-28 12:39:29.298[debug] start _getCamera in ipc.ts and set locationID
2022-06-28 12:39:29.298[debug] get locationId and print it
2022-06-28 12:39:29.299[debug] 
