2022-06-28 19:08:55.916[debug] startUrl http://localhost:3000
2022-06-28 19:08:57.224[verbose] Receive setVideoLayerPosition 10 10
2022-06-28 19:08:57.227[verbose] Receive setVideoLayerSize 1280 720
2022-06-28 19:08:57.242[debug] Receive getCameras
2022-06-28 19:10:07.496[debug] startUrl http://localhost:3000
2022-06-28 19:10:08.556[verbose] Receive setVideoLayerPosition 10 10
2022-06-28 19:10:08.558[verbose] Receive setVideoLayerSize 1280 720
2022-06-28 19:10:08.585[debug] Receive getCameras
2022-06-28 19:12:07.671[debug] startUrl http://localhost:3000
2022-06-28 19:12:08.507[verbose] Receive setVideoLayerPosition 10 10
2022-06-28 19:12:08.516[verbose] Receive setVideoLayerSize 1280 720
2022-06-28 19:12:08.519[debug] Receive getCameras
2022-06-28 19:14:24.770[debug] startUrl http://localhost:3000
2022-06-28 19:14:25.250[verbose] Receive setVideoLayerPosition 10 10
2022-06-28 19:15:50.581[debug] startUrl http://localhost:3000
2022-06-28 19:15:51.362[verbose] Receive setVideoLayerPosition 10 10
2022-06-28 19:17:50.394[debug] startUrl http://localhost:3000
2022-06-28 19:17:50.980[verbose] Receive setVideoLayerPosition 10 10
2022-06-28 19:17:50.982[verbose] Receive setVideoLayerSize 1280 720
2022-06-28 19:17:50.983[debug] Receive getCameras
2022-06-28 19:17:50.992[debug] Serial number of camera: 0x14200000047d80b4
20211109004
2022-06-28 19:17:50.993[debug] getCamerasMac [{"name":"Kensington W2050 Full HD Auto Focus Pro Webcam","path":"0x14200000047d80b4","vid":"047d","pid":"80b4","serialNumber":"20211109004"}]
2022-06-28 19:17:50.993[debug] start _getCamera in ipc.ts and set locationID
2022-06-28 19:17:51.049[debug] get locationId and print it
2022-06-28 19:17:51.049[debug] 0x14200000047d80b4
2022-06-28 19:17:51.060[debug] Receive getCameras
2022-06-28 19:17:51.064[debug] Serial number of camera: 0x14200000047d80b4
20211109004
2022-06-28 19:17:51.064[debug] getCamerasMac [{"name":"Kensington W2050 Full HD Auto Focus Pro Webcam","path":"0x14200000047d80b4","vid":"047d","pid":"80b4","serialNumber":"20211109004"}]
2022-06-28 19:17:51.065[debug] start _getCamera in ipc.ts and set locationID
2022-06-28 19:17:51.099[debug] get locationId and print it
2022-06-28 19:17:51.099[debug] 0x14200000047d80b4
2022-06-28 19:17:51.101[debug] Receive getCameras
2022-06-28 19:17:51.102[debug] Serial number of camera: 0x14200000047d80b4
20211109004
2022-06-28 19:17:51.102[debug] getCamerasMac [{"name":"Kensington W2050 Full HD Auto Focus Pro Webcam","path":"0x14200000047d80b4","vid":"047d","pid":"80b4","serialNumber":"20211109004"}]
2022-06-28 19:17:51.103[debug] start _getCamera in ipc.ts and set locationID
2022-06-28 19:17:51.127[debug] get locationId and print it
2022-06-28 19:17:51.127[debug] 0x14200000047d80b4
2022-06-28 19:18:32.090[debug] startUrl http://localhost:3000
2022-06-28 19:18:32.598[verbose] Receive setVideoLayerPosition 10 10
2022-06-28 19:18:32.599[verbose] Receive setVideoLayerSize 1280 720
2022-06-28 19:18:32.600[debug] Receive getCameras
2022-06-28 19:18:32.615[debug] Serial number of camera: 0x14200000047d80b4
20211109004
2022-06-28 19:18:32.615[debug] getCamerasMac [{"name":"Kensington W2050 Full HD Auto Focus Pro Webcam","path":"0x14200000047d80b4","vid":"047d","pid":"80b4","serialNumber":"20211109004"}]
2022-06-28 19:18:32.616[debug] start _getCamera in ipc.ts and set locationID
2022-06-28 19:18:32.658[debug] get locationId and print it
2022-06-28 19:18:32.659[debug] 0x14200000047d80b4
2022-06-28 19:18:32.931[debug] Receive getCameras
2022-06-28 19:18:32.933[debug] Serial number of camera: 0x14200000047d80b4
20211109004
2022-06-28 19:18:32.934[debug] getCamerasMac [{"name":"Kensington W2050 Full HD Auto Focus Pro Webcam","path":"0x14200000047d80b4","vid":"047d","pid":"80b4","serialNumber":"20211109004"}]
2022-06-28 19:18:32.934[debug] start _getCamera in ipc.ts and set locationID
2022-06-28 19:18:32.958[debug] get locationId and print it
2022-06-28 19:18:32.958[debug] 0x14200000047d80b4
2022-06-28 19:18:33.014[debug] Receive getCameras
2022-06-28 19:18:33.015[debug] Serial number of camera: 0x14200000047d80b4
20211109004
2022-06-28 19:18:33.016[debug] getCamerasMac [{"name":"Kensington W2050 Full HD Auto Focus Pro Webcam","path":"0x14200000047d80b4","vid":"047d","pid":"80b4","serialNumber":"20211109004"}]
2022-06-28 19:18:33.016[debug] start _getCamera in ipc.ts and set locationID
2022-06-28 19:18:33.043[debug] get locationId and print it
2022-06-28 19:18:33.043[debug] 0x14200000047d80b4
2022-06-28 19:19:00.431[debug] startUrl http://localhost:3000
2022-06-28 19:19:01.157[verbose] Receive setVideoLayerPosition 10 10
2022-06-28 19:19:01.158[verbose] Receive setVideoLayerSize 1280 720
2022-06-28 19:19:01.162[debug] Receive getCameras
2022-06-28 19:19:01.172[debug] Serial number of camera: 0x14200000047d80b4
20211109004
2022-06-28 19:19:01.173[debug] getCamerasMac [{"name":"Kensington W2050 Full HD Auto Focus Pro Webcam","path":"0x14200000047d80b4","vid":"047d","pid":"80b4","serialNumber":"20211109004"}]
2022-06-28 19:19:01.173[debug] start _getCamera in ipc.ts and set locationID
2022-06-28 19:19:01.216[debug] get locationId and print it
2022-06-28 19:19:01.216[debug] 0x14200000047d80b4
2022-06-28 19:19:01.320[debug] Receive getCameras
2022-06-28 19:19:01.321[debug] Serial number of camera: 0x14200000047d80b4
20211109004
2022-06-28 19:19:01.322[debug] getCamerasMac [{"name":"Kensington W2050 Full HD Auto Focus Pro Webcam","path":"0x14200000047d80b4","vid":"047d","pid":"80b4","serialNumber":"20211109004"}]
2022-06-28 19:19:01.322[debug] start _getCamera in ipc.ts and set locationID
2022-06-28 19:19:01.341[debug] get locationId and print it
2022-06-28 19:19:01.341[debug] 0x14200000047d80b4
2022-06-28 19:19:01.344[debug] Receive getCameras
2022-06-28 19:19:01.345[debug] Serial number of camera: 0x14200000047d80b4
20211109004
2022-06-28 19:19:01.345[debug] getCamerasMac [{"name":"Kensington W2050 Full HD Auto Focus Pro Webcam","path":"0x14200000047d80b4","vid":"047d","pid":"80b4","serialNumber":"20211109004"}]
2022-06-28 19:19:01.346[debug] start _getCamera in ipc.ts and set locationID
2022-06-28 19:19:01.373[debug] get locationId and print it
2022-06-28 19:19:01.374[debug] 0x14200000047d80b4
2022-06-28 19:19:11.614[debug] Receive openCamera
2022-06-28 19:19:11.615[debug] Call openCamera in addon.cpp
2022-06-28 19:19:16.470[debug] Receive closeCamera
2022-06-28 19:19:17.288[debug] Receive openCamera
2022-06-28 19:19:17.289[debug] Call openCamera in addon.cpp
2022-06-28 19:19:18.188[debug] Receive closeCamera
2022-06-28 19:19:18.826[debug] Receive openCamera
2022-06-28 19:19:18.826[debug] Call openCamera in addon.cpp
2022-06-28 19:19:19.861[debug] Receive closeCamera
2022-06-28 19:19:20.613[debug] Receive getCameras
2022-06-28 19:19:20.615[debug] Serial number of camera: 0x14200000047d80b4
20211109004
2022-06-28 19:19:20.615[debug] getCamerasMac [{"name":"Kensington W2050 Full HD Auto Focus Pro Webcam","path":"0x14200000047d80b4","vid":"047d","pid":"80b4","serialNumber":"20211109004"}]
2022-06-28 19:19:20.616[debug] start _getCamera in ipc.ts and set locationID
2022-06-28 19:19:20.638[debug] get locationId and print it
2022-06-28 19:19:20.638[debug] 0x14200000047d80b4
2022-06-28 19:19:20.761[debug] Receive getCameras
2022-06-28 19:19:20.763[debug] Serial number of camera: 0x14200000047d80b4
20211109004
2022-06-28 19:19:20.763[debug] getCamerasMac [{"name":"Kensington W2050 Full HD Auto Focus Pro Webcam","path":"0x14200000047d80b4","vid":"047d","pid":"80b4","serialNumber":"20211109004"}]
2022-06-28 19:19:20.764[debug] start _getCamera in ipc.ts and set locationID
2022-06-28 19:19:20.790[debug] get locationId and print it
2022-06-28 19:19:20.790[debug] 0x14200000047d80b4
2022-06-28 19:19:20.924[debug] Receive getCameras
2022-06-28 19:19:20.926[debug] Serial number of camera: 0x14200000047d80b4
20211109004
2022-06-28 19:19:20.926[debug] getCamerasMac [{"name":"Kensington W2050 Full HD Auto Focus Pro Webcam","path":"0x14200000047d80b4","vid":"047d","pid":"80b4","serialNumber":"20211109004"}]
2022-06-28 19:19:20.926[debug] start _getCamera in ipc.ts and set locationID
2022-06-28 19:19:20.948[debug] get locationId and print it
2022-06-28 19:19:20.948[debug] 0x14200000047d80b4
2022-06-28 19:19:21.358[debug] Receive openCamera
2022-06-28 19:19:21.358[debug] Call openCamera in addon.cpp
2022-06-28 19:19:22.011[debug] Receive closeCamera
2022-06-28 19:19:22.577[debug] Receive openCamera
2022-06-28 19:19:22.577[debug] Call openCamera in addon.cpp
2022-06-28 19:19:23.352[debug] Receive closeCamera
2022-06-28 19:19:24.637[debug] Receive openCamera
2022-06-28 19:19:24.637[debug] Call openCamera in addon.cpp
2022-06-28 19:19:25.488[debug] Receive closeCamera
2022-06-28 19:19:26.093[debug] Receive openCamera
2022-06-28 19:19:26.094[debug] Call openCamera in addon.cpp
2022-06-28 19:19:26.633[debug] Receive closeCamera
2022-06-28 19:19:29.527[verbose] Receive setVideoLayerPosition 10 10
2022-06-28 19:19:29.527[verbose] Receive setVideoLayerSize 1280 720
2022-06-28 19:19:32.129[debug] Receive openCamera
2022-06-28 19:19:32.129[debug] Call openCamera in addon.cpp
2022-06-28 19:19:33.128[debug] Receive closeCamera
2022-06-28 19:19:33.789[debug] Receive openCamera
2022-06-28 19:19:33.790[debug] Call openCamera in addon.cpp
2022-06-28 19:19:34.713[debug] Receive closeCamera
2022-06-28 19:19:35.352[debug] Receive openCamera
2022-06-28 19:19:35.352[debug] Call openCamera in addon.cpp
2022-06-28 19:19:36.165[debug] Receive closeCamera
2022-06-28 19:21:31.532[debug] startUrl http://localhost:3000
2022-06-28 19:21:32.881[verbose] Receive setVideoLayerPosition 10 10
2022-06-28 19:21:32.884[verbose] Receive setVideoLayerSize 1280 720
2022-06-28 19:21:32.890[debug] Receive getCameras
2022-06-28 19:21:32.900[debug] Serial number of camera: 0x14200000047d80b4
20211109004
2022-06-28 19:21:32.901[debug] getCamerasMac [{"name":"Kensington W2050 Full HD Auto Focus Pro Webcam","path":"0x14200000047d80b4","vid":"047d","pid":"80b4","serialNumber":"20211109004"}]
2022-06-28 19:21:32.901[debug] start _getCamera in ipc.ts and set locationID
2022-06-28 19:21:32.934[debug] get locationId and print it
2022-06-28 19:21:32.934[debug] 0x14200000047d80b4
2022-06-28 19:21:33.049[debug] Receive getCameras
2022-06-28 19:21:33.050[debug] Serial number of camera: 0x14200000047d80b4
20211109004
2022-06-28 19:21:33.051[debug] getCamerasMac [{"name":"Kensington W2050 Full HD Auto Focus Pro Webcam","path":"0x14200000047d80b4","vid":"047d","pid":"80b4","serialNumber":"20211109004"}]
2022-06-28 19:21:33.051[debug] start _getCamera in ipc.ts and set locationID
2022-06-28 19:21:33.076[debug] get locationId and print it
2022-06-28 19:21:33.077[debug] 0x14200000047d80b4
2022-06-28 19:21:33.113[debug] Receive getCameras
2022-06-28 19:21:33.114[debug] Serial number of camera: 0x14200000047d80b4
20211109004
2022-06-28 19:21:33.115[debug] getCamerasMac [{"name":"Kensington W2050 Full HD Auto Focus Pro Webcam","path":"0x14200000047d80b4","vid":"047d","pid":"80b4","serialNumber":"20211109004"}]
2022-06-28 19:21:33.115[debug] start _getCamera in ipc.ts and set locationID
2022-06-28 19:21:33.140[debug] get locationId and print it
2022-06-28 19:21:33.140[debug] 0x14200000047d80b4
2022-06-28 19:23:19.525[debug] Receive getCameras
2022-06-28 19:23:19.527[debug] Serial number of camera: 0x14200000047d80b4
20211109004
2022-06-28 19:23:19.527[debug] getCamerasMac [{"name":"Kensington W2050 Full HD Auto Focus Pro Webcam","path":"0x14200000047d80b4","vid":"047d","pid":"80b4","serialNumber":"20211109004"}]
2022-06-28 19:23:19.527[debug] start _getCamera in ipc.ts and set locationID
2022-06-28 19:23:19.554[debug] get locationId and print it
2022-06-28 19:23:19.554[debug] 0x14200000047d80b4
2022-06-28 19:23:24.199[debug] Receive openCamera
2022-06-28 19:23:24.200[debug] Call openCamera in addon.cpp
2022-06-28 19:23:33.953[debug] Receive closeCamera
2022-06-28 19:23:34.616[debug] Receive openCamera
2022-06-28 19:23:34.617[debug] Call openCamera in addon.cpp
2022-06-28 19:23:35.196[debug] Receive closeCamera
2022-06-28 19:23:37.151[debug] Receive openCamera
2022-06-28 19:23:37.151[debug] Call openCamera in addon.cpp
2022-06-28 19:23:38.173[debug] Receive closeCamera
2022-06-28 19:27:24.114[debug] startUrl http://localhost:3000
2022-06-28 19:27:25.024[verbose] Receive setVideoLayerPosition 10 10
2022-06-28 19:27:25.028[verbose] Receive setVideoLayerSize 1280 720
2022-06-28 19:27:25.029[debug] Receive getCameras
2022-06-28 19:27:25.037[debug] Serial number of camera: 0x14200000047d80b4
20211109004
2022-06-28 19:27:25.038[debug] getCamerasMac [{"name":"Kensington W2050 Full HD Auto Focus Pro Webcam","path":"0x14200000047d80b4","vid":"047d","pid":"80b4","serialNumber":"20211109004"}]
2022-06-28 19:27:25.038[debug] start _getCamera in ipc.ts and set locationID
2022-06-28 19:27:25.072[debug] get locationId and print it
2022-06-28 19:27:25.073[debug] 0x14200000047d80b4
2022-06-28 19:27:25.092[debug] Receive getCameras
2022-06-28 19:27:25.094[debug] Serial number of camera: 0x14200000047d80b4
20211109004
2022-06-28 19:27:25.094[debug] getCamerasMac [{"name":"Kensington W2050 Full HD Auto Focus Pro Webcam","path":"0x14200000047d80b4","vid":"047d","pid":"80b4","serialNumber":"20211109004"}]
2022-06-28 19:27:25.095[debug] start _getCamera in ipc.ts and set locationID
2022-06-28 19:27:25.114[debug] get locationId and print it
2022-06-28 19:27:25.114[debug] 0x14200000047d80b4
2022-06-28 19:27:25.121[debug] Receive getCameras
2022-06-28 19:27:25.122[debug] Serial number of camera: 0x14200000047d80b4
20211109004
2022-06-28 19:27:25.122[debug] getCamerasMac [{"name":"Kensington W2050 Full HD Auto Focus Pro Webcam","path":"0x14200000047d80b4","vid":"047d","pid":"80b4","serialNumber":"20211109004"}]
2022-06-28 19:27:25.123[debug] start _getCamera in ipc.ts and set locationID
2022-06-28 19:27:25.145[debug] get locationId and print it
2022-06-28 19:27:25.146[debug] 0x14200000047d80b4
2022-06-28 19:30:58.253[debug] startUrl http://localhost:3000
2022-06-28 19:30:59.199[verbose] Receive setVideoLayerPosition 10 10
2022-06-28 19:30:59.202[verbose] Receive setVideoLayerSize 1280 720
2022-06-28 19:30:59.205[debug] Receive getCameras
2022-06-28 19:30:59.218[debug] Serial number of camera: 0x14200000047d80b4
20211109004
2022-06-28 19:30:59.219[debug] getCamerasMac [{"name":"Kensington W2050 Full HD Auto Focus Pro Webcam","path":"0x14200000047d80b4","vid":"047d","pid":"80b4","serialNumber":"20211109004"}]
2022-06-28 19:30:59.220[debug] get locationId and print it
2022-06-28 19:30:59.220[debug] CC26395NF8VG1HNBG
2022-06-28 19:30:59.237[debug] Receive getCameras
2022-06-28 19:30:59.239[debug] Serial number of camera: 0x14200000047d80b4
20211109004
2022-06-28 19:30:59.239[debug] getCamerasMac [{"name":"Kensington W2050 Full HD Auto Focus Pro Webcam","path":"0x14200000047d80b4","vid":"047d","pid":"80b4","serialNumber":"20211109004"}]
2022-06-28 19:30:59.240[debug] get locationId and print it
2022-06-28 19:30:59.240[debug] CC26395NF8VG1HNBG
2022-06-28 19:31:07.640[debug] Receive getCameras
2022-06-28 19:31:07.644[debug] Serial number of camera: 0x14200000047d80b4
20211109004
2022-06-28 19:31:07.645[debug] getCamerasMac [{"name":"Kensington W2050 Full HD Auto Focus Pro Webcam","path":"0x14200000047d80b4","vid":"047d","pid":"80b4","serialNumber":"20211109004"}]
2022-06-28 19:31:07.647[debug] get locationId and print it
2022-06-28 19:31:07.649[debug] CC26395NF8VG1HNBG
2022-06-28 19:31:07.655[debug] Receive setCamera 0x14200000047d80b4
2022-06-28 19:31:07.744[debug] Serial number of camera: 0x14200000047d80b4
20211109004
2022-06-28 19:31:07.745[debug] getCamerasMac [{"name":"Kensington W2050 Full HD Auto Focus Pro Webcam","path":"0x14200000047d80b4","vid":"047d","pid":"80b4","serialNumber":"20211109004"}]
2022-06-28 19:31:07.746[debug] get locationId and print it
2022-06-28 19:31:07.747[debug] 0x14200000047d80b4
2022-06-28 19:31:07.789[debug] Receive getCameras
2022-06-28 19:31:07.814[debug] Serial number of camera: 0x14200000047d80b4
20211109004
2022-06-28 19:31:07.815[debug] getCamerasMac [{"name":"Kensington W2050 Full HD Auto Focus Pro Webcam","path":"0x14200000047d80b4","vid":"047d","pid":"80b4","serialNumber":"20211109004"}]
2022-06-28 19:31:07.815[debug] get locationId and print it
2022-06-28 19:31:07.816[debug] 0x14200000047d80b4
2022-06-28 19:31:07.817[debug] Receive getCameras
2022-06-28 19:31:07.818[debug] Serial number of camera: 0x14200000047d80b4
20211109004
2022-06-28 19:31:07.818[debug] getCamerasMac [{"name":"Kensington W2050 Full HD Auto Focus Pro Webcam","path":"0x14200000047d80b4","vid":"047d","pid":"80b4","serialNumber":"20211109004"}]
2022-06-28 19:31:07.818[debug] get locationId and print it
2022-06-28 19:31:07.818[debug] 0x14200000047d80b4
2022-06-28 19:31:07.834[debug] Receive getCameras
2022-06-28 19:31:07.835[debug] Serial number of camera: 0x14200000047d80b4
20211109004
2022-06-28 19:31:07.836[debug] getCamerasMac [{"name":"Kensington W2050 Full HD Auto Focus Pro Webcam","path":"0x14200000047d80b4","vid":"047d","pid":"80b4","serialNumber":"20211109004"}]
2022-06-28 19:31:07.836[debug] get locationId and print it
2022-06-28 19:31:07.836[debug] 0x14200000047d80b4
2022-06-28 19:31:07.851[debug] Receive getCameras
2022-06-28 19:31:07.853[debug] Serial number of camera: 0x14200000047d80b4
20211109004
2022-06-28 19:31:07.853[debug] getCamerasMac [{"name":"Kensington W2050 Full HD Auto Focus Pro Webcam","path":"0x14200000047d80b4","vid":"047d","pid":"80b4","serialNumber":"20211109004"}]
2022-06-28 19:31:07.853[debug] get locationId and print it
2022-06-28 19:31:07.853[debug] 0x14200000047d80b4
2022-06-28 19:31:10.918[debug] Receive openCamera
2022-06-28 19:31:10.918[debug] Call openCamera in addon.cpp
2022-06-28 19:31:12.700[debug] Receive closeCamera
2022-06-28 19:31:13.313[debug] Receive openCamera
2022-06-28 19:31:13.313[debug] Call openCamera in addon.cpp
2022-06-28 19:31:13.909[debug] Receive closeCamera
2022-06-28 19:31:14.613[debug] Receive openCamera
2022-06-28 19:31:14.613[debug] Call openCamera in addon.cpp
2022-06-28 19:31:15.210[debug] Receive closeCamera
2022-06-28 19:36:01.764[debug] startUrl http://localhost:3000
2022-06-28 19:36:02.537[verbose] Receive setVideoLayerPosition 10 10
2022-06-28 19:36:02.539[verbose] Receive setVideoLayerSize 1280 720
2022-06-28 19:36:02.549[debug] Receive getCameras
2022-06-28 19:36:02.561[debug] Serial number of camera: 0x14200000047d80b4
20211109004
2022-06-28 19:36:02.562[debug] getCamerasMac [{"name":"Kensington W2050 Full HD Auto Focus Pro Webcam","path":"0x14200000047d80b4","vid":"047d","pid":"80b4","serialNumber":"20211109004"}]
2022-06-28 19:36:02.562[debug] get locationId and print it
2022-06-28 19:36:02.563[debug] CC26395NF8VG1HNBG
2022-06-28 19:36:02.767[debug] Receive getCameras
2022-06-28 19:36:02.769[debug] Serial number of camera: 0x14200000047d80b4
20211109004
2022-06-28 19:36:02.769[debug] getCamerasMac [{"name":"Kensington W2050 Full HD Auto Focus Pro Webcam","path":"0x14200000047d80b4","vid":"047d","pid":"80b4","serialNumber":"20211109004"}]
2022-06-28 19:36:02.769[debug] get locationId and print it
2022-06-28 19:36:02.770[debug] CC26395NF8VG1HNBG
2022-06-28 19:36:07.435[debug] Receive getCameras
2022-06-28 19:36:07.437[debug] Serial number of camera: 0x14200000047d80b4
20211109004
2022-06-28 19:36:07.437[debug] getCamerasMac [{"name":"Kensington W2050 Full HD Auto Focus Pro Webcam","path":"0x14200000047d80b4","vid":"047d","pid":"80b4","serialNumber":"20211109004"}]
2022-06-28 19:36:07.438[debug] get locationId and print it
2022-06-28 19:36:07.438[debug] CC26395NF8VG1HNBG
2022-06-28 19:36:07.439[debug] Receive setCamera 0x14200000047d80b4
2022-06-28 19:36:07.531[debug] Serial number of camera: 0x14200000047d80b4
20211109004
2022-06-28 19:36:07.533[debug] getCamerasMac [{"name":"Kensington W2050 Full HD Auto Focus Pro Webcam","path":"0x14200000047d80b4","vid":"047d","pid":"80b4","serialNumber":"20211109004"}]
2022-06-28 19:36:07.533[debug] get locationId and print it
2022-06-28 19:36:07.534[debug] 0x14200000047d80b4
2022-06-28 19:36:07.536[debug] Receive getCameras
2022-06-28 19:36:07.537[debug] Serial number of camera: 0x14200000047d80b4
20211109004
2022-06-28 19:36:07.538[debug] getCamerasMac [{"name":"Kensington W2050 Full HD Auto Focus Pro Webcam","path":"0x14200000047d80b4","vid":"047d","pid":"80b4","serialNumber":"20211109004"}]
2022-06-28 19:36:07.538[debug] get locationId and print it
2022-06-28 19:36:07.538[debug] 0x14200000047d80b4
2022-06-28 19:36:07.551[debug] Receive getCameras
2022-06-28 19:36:07.552[debug] Serial number of camera: 0x14200000047d80b4
20211109004
2022-06-28 19:36:07.553[debug] getCamerasMac [{"name":"Kensington W2050 Full HD Auto Focus Pro Webcam","path":"0x14200000047d80b4","vid":"047d","pid":"80b4","serialNumber":"20211109004"}]
2022-06-28 19:36:07.553[debug] get locationId and print it
2022-06-28 19:36:07.553[debug] 0x14200000047d80b4
2022-06-28 19:36:07.557[debug] Receive getCameras
2022-06-28 19:36:07.562[debug] Serial number of camera: 0x14200000047d80b4
20211109004
2022-06-28 19:36:07.563[debug] getCamerasMac [{"name":"Kensington W2050 Full HD Auto Focus Pro Webcam","path":"0x14200000047d80b4","vid":"047d","pid":"80b4","serialNumber":"20211109004"}]
2022-06-28 19:36:07.563[debug] get locationId and print it
2022-06-28 19:36:07.564[debug] 0x14200000047d80b4
2022-06-28 19:36:07.584[debug] Receive getCameras
2022-06-28 19:36:07.586[debug] Serial number of camera: 0x14200000047d80b4
20211109004
2022-06-28 19:36:07.586[debug] getCamerasMac [{"name":"Kensington W2050 Full HD Auto Focus Pro Webcam","path":"0x14200000047d80b4","vid":"047d","pid":"80b4","serialNumber":"20211109004"}]
2022-06-28 19:36:07.586[debug] get locationId and print it
2022-06-28 19:36:07.587[debug] 0x14200000047d80b4
2022-06-28 19:36:49.392[debug] Receive closeCamera
2022-06-28 19:36:50.226[debug] Receive openCamera
2022-06-28 19:36:50.227[debug] Call openCamera in addon.cpp
2022-06-28 19:36:54.451[verbose] Receive setVideoLayerPosition 10 10
2022-06-28 19:36:54.452[verbose] Receive setVideoLayerSize 1280 720
2022-06-28 19:36:57.989[verbose] Receive setVideoLayerPosition 10 10
2022-06-28 19:36:57.989[verbose] Receive setVideoLayerSize 1280 720
2022-06-28 19:37:10.362[verbose] Receive setVideoLayerPosition 10 10
2022-06-28 19:37:10.363[verbose] Receive setVideoLayerSize 1280 720
2022-06-28 19:37:23.847[verbose] Receive setVideoLayerPosition 10 10
2022-06-28 19:37:23.860[verbose] Receive setVideoLayerSize 1280 720
2022-06-28 19:37:33.207[verbose] Receive setVideoLayerPosition 10 10
2022-06-28 19:37:33.208[verbose] Receive setVideoLayerSize 1280 720
2022-06-28 19:37:35.907[verbose] Receive setVideoLayerPosition 10 10
2022-06-28 19:37:35.912[verbose] Receive setVideoLayerSize 1280 720
2022-06-28 19:40:50.876[debug] startUrl http://localhost:3000
2022-06-28 19:40:51.751[verbose] Receive setVideoLayerPosition 10 10
2022-06-28 19:40:51.754[verbose] Receive setVideoLayerSize 1280 720
2022-06-28 19:40:51.762[debug] Receive getCameras
2022-06-28 19:40:51.773[debug] Serial number of camera: 0x14200000047d80b4
20211109004
2022-06-28 19:40:51.774[debug] getCamerasMac [{"name":"Kensington W2050 Full HD Auto Focus Pro Webcam","path":"0x14200000047d80b4","vid":"047d","pid":"80b4","serialNumber":"20211109004"}]
2022-06-28 19:40:51.774[debug] get locationId and print it
2022-06-28 19:40:51.775[debug] CC26395NF8VG1HNBG
2022-06-28 19:40:51.875[debug] Receive getCameras
2022-06-28 19:40:51.877[debug] Serial number of camera: 0x14200000047d80b4
20211109004
2022-06-28 19:40:51.877[debug] getCamerasMac [{"name":"Kensington W2050 Full HD Auto Focus Pro Webcam","path":"0x14200000047d80b4","vid":"047d","pid":"80b4","serialNumber":"20211109004"}]
2022-06-28 19:40:51.878[debug] get locationId and print it
2022-06-28 19:40:51.878[debug] CC26395NF8VG1HNBG
