2022-06-27 13:00:24.031[debug] startUrl http://localhost:3000
2022-06-27 13:00:24.950[verbose] Receive setVideoLayerPosition 10 721
2022-06-27 13:00:24.951[verbose] Receive setVideoLayerSize 1420 637
2022-06-27 13:00:24.954[debug] Receive getCameras
2022-06-27 13:00:24.968[debug] Serial number of camera: 0x14100000047d80b4
20211109004
2022-06-27 13:00:24.969[debug] getCamerasMac [{"name":"Kensington W2050 Full HD Auto Focus Pro Webcam","path":"0x14100000047d80b4","vid":"047d","pid":"80b4","serialNumber":"20211109004"}]
2022-06-27 13:00:24.969[debug] start _getCamera in ipc.ts and set locationID
2022-06-27 13:00:25.005[debug] get locationId and print it
2022-06-27 13:00:25.006[debug] 0x14100000047d80b4
2022-06-27 13:00:25.154[debug] Receive getCameras
2022-06-27 13:00:25.157[debug] Serial number of camera: 0x14100000047d80b4
20211109004
2022-06-27 13:00:25.157[debug] getCamerasMac [{"name":"Kensington W2050 Full HD Auto Focus Pro Webcam","path":"0x14100000047d80b4","vid":"047d","pid":"80b4","serialNumber":"20211109004"}]
2022-06-27 13:00:25.158[debug] start _getCamera in ipc.ts and set locationID
2022-06-27 13:00:25.194[debug] get locationId and print it
2022-06-27 13:00:25.194[debug] 0x14100000047d80b4
2022-06-27 13:00:25.222[debug] Receive getCameras
2022-06-27 13:00:25.224[debug] Serial number of camera: 0x14100000047d80b4
20211109004
2022-06-27 13:00:25.224[debug] getCamerasMac [{"name":"Kensington W2050 Full HD Auto Focus Pro Webcam","path":"0x14100000047d80b4","vid":"047d","pid":"80b4","serialNumber":"20211109004"}]
2022-06-27 13:00:25.224[debug] start _getCamera in ipc.ts and set locationID
2022-06-27 13:00:25.258[debug] get locationId and print it
2022-06-27 13:00:25.258[debug] 0x14100000047d80b4
2022-06-27 13:00:51.136[debug] startUrl http://localhost:3000
2022-06-27 13:00:52.482[verbose] Receive setVideoLayerPosition 10 726
2022-06-27 13:00:52.484[verbose] Receive setVideoLayerSize 1420 642
2022-06-27 13:00:52.486[debug] Receive getCameras
2022-06-27 13:00:52.494[debug] Serial number of camera: 0x14100000047d80b4
20211109004
2022-06-27 13:00:52.495[debug] getCamerasMac [{"name":"Kensington W2050 Full HD Auto Focus Pro Webcam","path":"0x14100000047d80b4","vid":"047d","pid":"80b4","serialNumber":"20211109004"}]
2022-06-27 13:00:52.495[debug] start _getCamera in ipc.ts and set locationID
2022-06-27 13:00:52.531[debug] get locationId and print it
2022-06-27 13:00:52.531[debug] 0x14100000047d80b4
2022-06-27 13:00:52.538[debug] Receive getCameras
2022-06-27 13:00:52.540[debug] Serial number of camera: 0x14100000047d80b4
20211109004
2022-06-27 13:00:52.541[debug] getCamerasMac [{"name":"Kensington W2050 Full HD Auto Focus Pro Webcam","path":"0x14100000047d80b4","vid":"047d","pid":"80b4","serialNumber":"20211109004"}]
2022-06-27 13:00:52.541[debug] start _getCamera in ipc.ts and set locationID
2022-06-27 13:00:52.564[debug] get locationId and print it
2022-06-27 13:00:52.565[debug] 0x14100000047d80b4
2022-06-27 13:00:52.565[debug] Receive getCameras
2022-06-27 13:00:52.567[debug] Serial number of camera: 0x14100000047d80b4
20211109004
2022-06-27 13:00:52.567[debug] getCamerasMac [{"name":"Kensington W2050 Full HD Auto Focus Pro Webcam","path":"0x14100000047d80b4","vid":"047d","pid":"80b4","serialNumber":"20211109004"}]
2022-06-27 13:00:52.567[debug] start _getCamera in ipc.ts and set locationID
2022-06-27 13:00:52.597[debug] get locationId and print it
2022-06-27 13:00:52.597[debug] 0x14100000047d80b4
2022-06-27 13:01:03.429[debug] Receive openCamera
2022-06-27 13:01:03.429[debug] Call openCamera in addon.cpp
2022-06-27 13:01:16.103[debug] Receive closeCamera
2022-06-27 13:01:19.167[debug] Receive openCamera
2022-06-27 13:01:19.167[debug] Call openCamera in addon.cpp
2022-06-27 13:01:20.939[debug] Receive closeCamera
2022-06-27 13:01:22.441[debug] Receive openCamera
2022-06-27 13:01:22.441[debug] Call openCamera in addon.cpp
2022-06-27 13:01:24.306[debug] Receive closeCamera
2022-06-27 13:07:27.739[debug] startUrl http://localhost:3000
2022-06-27 13:07:29.108[verbose] Receive setVideoLayerPosition 10 721
2022-06-27 13:07:29.109[verbose] Receive setVideoLayerSize 1420 637
2022-06-27 13:07:29.110[debug] Receive getCameras
2022-06-27 13:07:29.120[debug] Serial number of camera: 0x14100000047d80b4
20211109004
2022-06-27 13:07:29.121[debug] getCamerasMac [{"name":"Kensington W2050 Full HD Auto Focus Pro Webcam","path":"0x14100000047d80b4","vid":"047d","pid":"80b4","serialNumber":"20211109004"}]
2022-06-27 13:07:29.122[debug] start _getCamera in ipc.ts and set locationID
2022-06-27 13:07:29.169[debug] get locationId and print it
2022-06-27 13:07:29.169[debug] 0x14100000047d80b4
2022-06-27 13:07:29.176[debug] Receive getCameras
2022-06-27 13:07:29.178[debug] Serial number of camera: 0x14100000047d80b4
20211109004
2022-06-27 13:07:29.179[debug] getCamerasMac [{"name":"Kensington W2050 Full HD Auto Focus Pro Webcam","path":"0x14100000047d80b4","vid":"047d","pid":"80b4","serialNumber":"20211109004"}]
2022-06-27 13:07:29.179[debug] start _getCamera in ipc.ts and set locationID
2022-06-27 13:07:29.208[debug] get locationId and print it
2022-06-27 13:07:29.208[debug] 0x14100000047d80b4
2022-06-27 13:07:29.209[debug] Receive getCameras
2022-06-27 13:07:29.210[debug] Serial number of camera: 0x14100000047d80b4
20211109004
2022-06-27 13:07:29.210[debug] getCamerasMac [{"name":"Kensington W2050 Full HD Auto Focus Pro Webcam","path":"0x14100000047d80b4","vid":"047d","pid":"80b4","serialNumber":"20211109004"}]
2022-06-27 13:07:29.211[debug] start _getCamera in ipc.ts and set locationID
2022-06-27 13:07:29.240[debug] get locationId and print it
2022-06-27 13:07:29.240[debug] 0x14100000047d80b4
2022-06-27 13:18:23.741[debug] startUrl http://localhost:3000
2022-06-27 13:18:24.944[verbose] Receive setVideoLayerPosition 10 726
2022-06-27 13:18:24.946[verbose] Receive setVideoLayerSize 1420 642
2022-06-27 13:18:24.950[debug] Receive getCameras
2022-06-27 13:18:24.966[debug] Serial number of camera: 0x14100000047d80b4
20211109004
2022-06-27 13:18:24.967[debug] getCamerasMac [{"name":"Kensington W2050 Full HD Auto Focus Pro Webcam","path":"0x14100000047d80b4","vid":"047d","pid":"80b4","serialNumber":"20211109004"}]
2022-06-27 13:18:24.967[debug] start _getCamera in ipc.ts and set locationID
2022-06-27 13:18:25.011[debug] get locationId and print it
2022-06-27 13:18:25.012[debug] 0x14100000047d80b4
2022-06-27 13:18:25.064[debug] Receive getCameras
2022-06-27 13:18:25.066[debug] Serial number of camera: 0x14100000047d80b4
20211109004
2022-06-27 13:18:25.067[debug] getCamerasMac [{"name":"Kensington W2050 Full HD Auto Focus Pro Webcam","path":"0x14100000047d80b4","vid":"047d","pid":"80b4","serialNumber":"20211109004"}]
2022-06-27 13:18:25.067[debug] start _getCamera in ipc.ts and set locationID
2022-06-27 13:18:25.099[debug] get locationId and print it
2022-06-27 13:18:25.100[debug] 0x14100000047d80b4
2022-06-27 13:18:25.100[debug] Receive getCameras
2022-06-27 13:18:25.102[debug] Serial number of camera: 0x14100000047d80b4
20211109004
2022-06-27 13:18:25.102[debug] getCamerasMac [{"name":"Kensington W2050 Full HD Auto Focus Pro Webcam","path":"0x14100000047d80b4","vid":"047d","pid":"80b4","serialNumber":"20211109004"}]
2022-06-27 13:18:25.102[debug] start _getCamera in ipc.ts and set locationID
2022-06-27 13:18:25.131[debug] get locationId and print it
2022-06-27 13:18:25.131[debug] 0x14100000047d80b4
2022-06-27 13:28:39.379[debug] startUrl http://localhost:3000
2022-06-27 13:28:40.208[verbose] Receive setVideoLayerPosition 10 721
2022-06-27 13:28:40.212[verbose] Receive setVideoLayerSize 1420 637
2022-06-27 13:28:40.214[debug] Receive getCameras
2022-06-27 13:28:40.228[debug] Serial number of camera: 0x14100000047d80b4
20211109004
2022-06-27 13:28:40.229[debug] getCamerasMac [{"name":"Kensington W2050 Full HD Auto Focus Pro Webcam","path":"0x14100000047d80b4","vid":"047d","pid":"80b4","serialNumber":"20211109004"}]
2022-06-27 13:28:40.229[debug] start _getCamera in ipc.ts and set locationID
2022-06-27 13:28:40.272[debug] get locationId and print it
2022-06-27 13:28:40.272[debug] 0x14100000047d80b4
2022-06-27 13:28:40.519[debug] Receive getCameras
2022-06-27 13:28:40.521[debug] Serial number of camera: 0x14100000047d80b4
20211109004
2022-06-27 13:28:40.522[debug] getCamerasMac [{"name":"Kensington W2050 Full HD Auto Focus Pro Webcam","path":"0x14100000047d80b4","vid":"047d","pid":"80b4","serialNumber":"20211109004"}]
2022-06-27 13:28:40.522[debug] start _getCamera in ipc.ts and set locationID
2022-06-27 13:28:40.551[debug] get locationId and print it
2022-06-27 13:28:40.551[debug] 0x14100000047d80b4
2022-06-27 13:28:40.670[debug] Receive getCameras
2022-06-27 13:28:40.672[debug] Serial number of camera: 0x14100000047d80b4
20211109004
2022-06-27 13:28:40.672[debug] getCamerasMac [{"name":"Kensington W2050 Full HD Auto Focus Pro Webcam","path":"0x14100000047d80b4","vid":"047d","pid":"80b4","serialNumber":"20211109004"}]
2022-06-27 13:28:40.672[debug] start _getCamera in ipc.ts and set locationID
2022-06-27 13:28:40.696[debug] get locationId and print it
2022-06-27 13:28:40.696[debug] 0x14100000047d80b4
2022-06-27 13:29:08.905[debug] Receive openCamera
2022-06-27 13:29:08.905[debug] Call openCamera in addon.cpp
2022-06-27 13:29:15.564[debug] Receive closeCamera
2022-06-27 13:29:17.665[debug] Receive openCamera
2022-06-27 13:29:17.666[debug] Call openCamera in addon.cpp
2022-06-27 13:29:29.576[debug] Receive closeCamera
2022-06-27 13:29:31.152[debug] Receive openCamera
2022-06-27 13:29:31.152[debug] Call openCamera in addon.cpp
2022-06-27 13:29:34.347[debug] Receive closeCamera
