2022-06-27 17:02:58.658[debug] startUrl http://localhost:3000
2022-06-27 17:03:00.183[verbose] Receive setVideoLayerPosition 10 721
2022-06-27 17:03:00.185[verbose] Receive setVideoLayerSize 1420 637
2022-06-27 17:03:00.187[debug] Receive getCameras
2022-06-27 17:03:00.205[debug] Serial number of camera: 0x14200000047d80b4
20211109004
2022-06-27 17:03:00.206[debug] getCamerasMac [{"name":"Kensington W2050 Full HD Auto Focus Pro Webcam #2","path":"0x14200000047d80b4","vid":"047d","pid":"80b4","serialNumber":"20211109004"}]
2022-06-27 17:03:00.206[debug] start _getCamera in ipc.ts and set locationID
2022-06-27 17:03:00.207[debug] get locationId and print it
2022-06-27 17:03:00.207[debug] 0x14100000047d80b4
2022-06-27 17:03:00.225[debug] Receive getCameras
2022-06-27 17:03:00.227[debug] Serial number of camera: 0x14200000047d80b4
20211109004
2022-06-27 17:03:00.228[debug] getCamerasMac [{"name":"Kensington W2050 Full HD Auto Focus Pro Webcam #2","path":"0x14200000047d80b4","vid":"047d","pid":"80b4","serialNumber":"20211109004"}]
2022-06-27 17:03:00.228[debug] start _getCamera in ipc.ts and set locationID
2022-06-27 17:03:00.229[debug] get locationId and print it
2022-06-27 17:03:00.229[debug] 0x14100000047d80b4
2022-06-27 17:03:05.072[debug] Receive getCameras
2022-06-27 17:03:05.073[debug] Serial number of camera: 0x14200000047d80b4
20211109004
2022-06-27 17:03:05.074[debug] getCamerasMac [{"name":"Kensington W2050 Full HD Auto Focus Pro Webcam #2","path":"0x14200000047d80b4","vid":"047d","pid":"80b4","serialNumber":"20211109004"}]
2022-06-27 17:03:05.074[debug] start _getCamera in ipc.ts and set locationID
2022-06-27 17:03:05.074[debug] get locationId and print it
2022-06-27 17:03:05.074[debug] 0x14100000047d80b4
2022-06-27 17:03:05.075[debug] Receive setCamera 0x14200000047d80b4
2022-06-27 17:03:05.176[debug] Serial number of camera: 0x14200000047d80b4
20211109004
2022-06-27 17:03:05.176[debug] getCamerasMac [{"name":"Kensington W2050 Full HD Auto Focus Pro Webcam #2","path":"0x14200000047d80b4","vid":"047d","pid":"80b4","serialNumber":"20211109004"}]
2022-06-27 17:03:05.176[debug] start _getCamera in ipc.ts and set locationID
2022-06-27 17:03:05.176[debug] get locationId and print it
2022-06-27 17:03:05.182[debug] 0x14100000047d80b4
2022-06-27 17:03:05.192[debug] Receive getCameras
2022-06-27 17:03:05.194[debug] Serial number of camera: 0x14200000047d80b4
20211109004
2022-06-27 17:03:05.194[debug] getCamerasMac [{"name":"Kensington W2050 Full HD Auto Focus Pro Webcam #2","path":"0x14200000047d80b4","vid":"047d","pid":"80b4","serialNumber":"20211109004"}]
2022-06-27 17:03:05.194[debug] start _getCamera in ipc.ts and set locationID
2022-06-27 17:03:05.195[debug] get locationId and print it
2022-06-27 17:03:05.195[debug] 0x14100000047d80b4
2022-06-27 17:03:07.155[debug] Receive getCameras
2022-06-27 17:03:07.156[debug] Serial number of camera: 0x14200000047d80b4
20211109004
2022-06-27 17:03:07.157[debug] getCamerasMac [{"name":"Kensington W2050 Full HD Auto Focus Pro Webcam #2","path":"0x14200000047d80b4","vid":"047d","pid":"80b4","serialNumber":"20211109004"}]
2022-06-27 17:03:07.157[debug] start _getCamera in ipc.ts and set locationID
2022-06-27 17:03:07.157[debug] get locationId and print it
2022-06-27 17:03:07.157[debug] 0x14100000047d80b4
2022-06-27 17:03:07.158[debug] Receive setCamera 0x14200000047d80b4
2022-06-27 17:03:07.205[debug] Serial number of camera: 0x14200000047d80b4
20211109004
2022-06-27 17:03:07.206[debug] getCamerasMac [{"name":"Kensington W2050 Full HD Auto Focus Pro Webcam #2","path":"0x14200000047d80b4","vid":"047d","pid":"80b4","serialNumber":"20211109004"}]
2022-06-27 17:03:07.206[debug] start _getCamera in ipc.ts and set locationID
2022-06-27 17:03:07.207[debug] get locationId and print it
2022-06-27 17:03:07.211[debug] 0x14100000047d80b4
2022-06-27 17:03:07.214[debug] Receive getCameras
2022-06-27 17:03:07.216[debug] Serial number of camera: 0x14200000047d80b4
20211109004
2022-06-27 17:03:07.217[debug] getCamerasMac [{"name":"Kensington W2050 Full HD Auto Focus Pro Webcam #2","path":"0x14200000047d80b4","vid":"047d","pid":"80b4","serialNumber":"20211109004"}]
2022-06-27 17:03:07.217[debug] start _getCamera in ipc.ts and set locationID
2022-06-27 17:03:07.217[debug] get locationId and print it
2022-06-27 17:03:07.217[debug] 0x14100000047d80b4
2022-06-27 17:09:30.057[debug] Receive getCameras
2022-06-27 17:09:30.059[debug] Serial number of camera: 0x14200000047d80b4
20211109004
2022-06-27 17:09:30.059[debug] getCamerasMac [{"name":"Kensington W2050 Full HD Auto Focus Pro Webcam #2","path":"0x14200000047d80b4","vid":"047d","pid":"80b4","serialNumber":"20211109004"}]
2022-06-27 17:09:30.059[debug] start _getCamera in ipc.ts and set locationID
2022-06-27 17:09:30.060[debug] get locationId and print it
2022-06-27 17:09:30.060[debug] 0x14100000047d80b4
2022-06-27 17:09:30.060[debug] Receive setCamera 0x14200000047d80b4
2022-06-27 17:09:30.120[debug] Serial number of camera: 0x14200000047d80b4
20211109004
2022-06-27 17:09:30.121[debug] getCamerasMac [{"name":"Kensington W2050 Full HD Auto Focus Pro Webcam #2","path":"0x14200000047d80b4","vid":"047d","pid":"80b4","serialNumber":"20211109004"}]
2022-06-27 17:09:30.122[debug] start _getCamera in ipc.ts and set locationID
2022-06-27 17:09:30.123[debug] get locationId and print it
2022-06-27 17:09:30.123[debug] 0x14100000047d80b4
2022-06-27 17:09:30.126[debug] Receive getCameras
2022-06-27 17:09:30.130[debug] Serial number of camera: 0x14200000047d80b4
20211109004
2022-06-27 17:09:30.130[debug] getCamerasMac [{"name":"Kensington W2050 Full HD Auto Focus Pro Webcam #2","path":"0x14200000047d80b4","vid":"047d","pid":"80b4","serialNumber":"20211109004"}]
2022-06-27 17:09:30.130[debug] start _getCamera in ipc.ts and set locationID
2022-06-27 17:09:30.130[debug] get locationId and print it
2022-06-27 17:09:30.130[debug] 0x14100000047d80b4
2022-06-27 17:11:18.221[debug] startUrl http://localhost:3000
2022-06-27 17:11:19.680[verbose] Receive setVideoLayerPosition 10 721
2022-06-27 17:11:19.681[verbose] Receive setVideoLayerSize 1420 637
2022-06-27 17:11:19.683[debug] Receive getCameras
2022-06-27 17:11:19.702[debug] Serial number of camera: 0x14200000047d80b4
20211109004
2022-06-27 17:11:19.703[debug] getCamerasMac [{"name":"Kensington W2050 Full HD Auto Focus Pro Webcam #2","path":"0x14200000047d80b4","vid":"047d","pid":"80b4","serialNumber":"20211109004"}]
2022-06-27 17:11:19.703[debug] start _getCamera in ipc.ts and set locationID
2022-06-27 17:11:19.753[debug] get locationId and print it
2022-06-27 17:11:19.753[debug] 0x14200000047d80b4
2022-06-27 17:11:19.760[debug] Receive getCameras
2022-06-27 17:11:19.762[debug] Serial number of camera: 0x14200000047d80b4
20211109004
2022-06-27 17:11:19.762[debug] getCamerasMac [{"name":"Kensington W2050 Full HD Auto Focus Pro Webcam #2","path":"0x14200000047d80b4","vid":"047d","pid":"80b4","serialNumber":"20211109004"}]
2022-06-27 17:11:19.762[debug] start _getCamera in ipc.ts and set locationID
2022-06-27 17:11:19.784[debug] get locationId and print it
2022-06-27 17:11:19.784[debug] 0x14200000047d80b4
2022-06-27 17:11:19.785[debug] Receive getCameras
2022-06-27 17:11:19.787[debug] Serial number of camera: 0x14200000047d80b4
20211109004
2022-06-27 17:11:19.787[debug] getCamerasMac [{"name":"Kensington W2050 Full HD Auto Focus Pro Webcam #2","path":"0x14200000047d80b4","vid":"047d","pid":"80b4","serialNumber":"20211109004"}]
2022-06-27 17:11:19.787[debug] start _getCamera in ipc.ts and set locationID
2022-06-27 17:11:19.809[debug] get locationId and print it
2022-06-27 17:11:19.810[debug] 0x14200000047d80b4
