2022-06-28 11:01:49.130[debug] startUrl http://localhost:3000
2022-06-28 11:01:50.575[verbose] Receive setVideoLayerPosition 10 721
2022-06-28 11:01:50.581[verbose] Receive setVideoLayerSize 1420 637
2022-06-28 11:01:50.584[debug] Receive getCameras
2022-06-28 11:01:50.896[debug] Serial number of camera: 0x14200000047d80b4
20211109004
2022-06-28 11:01:50.897[debug] getCamerasMac [{"name":"Kensington W2050 Full HD Auto Focus Pro Webcam","path":"0x14200000047d80b4","vid":"047d","pid":"80b4","serialNumber":"20211109004"}]
2022-06-28 11:01:50.898[debug] start _getCamera in ipc.ts and set locationID
2022-06-28 11:01:50.898[debug] get locationId and print it
2022-06-28 11:01:50.898[debug] 
2022-06-28 11:01:51.063[debug] Receive getCameras
2022-06-28 11:01:51.065[debug] Serial number of camera: 0x14200000047d80b4
20211109004
2022-06-28 11:01:51.066[debug] getCamerasMac [{"name":"Kensington W2050 Full HD Auto Focus Pro Webcam","path":"0x14200000047d80b4","vid":"047d","pid":"80b4","serialNumber":"20211109004"}]
2022-06-28 11:01:51.066[debug] start _getCamera in ipc.ts and set locationID
2022-06-28 11:01:51.066[debug] get locationId and print it
2022-06-28 11:01:51.066[debug] 
2022-06-28 11:12:59.038[debug] startUrl http://localhost:3000
2022-06-28 11:12:59.827[verbose] Receive setVideoLayerPosition 10 726
2022-06-28 11:12:59.828[verbose] Receive setVideoLayerSize 1420 642
2022-06-28 11:12:59.829[debug] Receive getCameras
2022-06-28 11:13:00.150[debug] Serial number of camera: 0x14200000047d80b4
20211109004
2022-06-28 11:13:00.151[debug] getCamerasMac [{"name":"Kensington W2050 Full HD Auto Focus Pro Webcam","path":"0x14200000047d80b4","vid":"047d","pid":"80b4","serialNumber":"20211109004"}]
2022-06-28 11:13:00.151[debug] start _getCamera in ipc.ts and set locationID
2022-06-28 11:13:00.152[debug] get locationId and print it
2022-06-28 11:13:00.152[debug] 
2022-06-28 11:13:00.188[debug] Receive getCameras
2022-06-28 11:13:00.190[debug] Serial number of camera: 0x14200000047d80b4
20211109004
2022-06-28 11:13:00.190[debug] getCamerasMac [{"name":"Kensington W2050 Full HD Auto Focus Pro Webcam","path":"0x14200000047d80b4","vid":"047d","pid":"80b4","serialNumber":"20211109004"}]
2022-06-28 11:13:00.191[debug] start _getCamera in ipc.ts and set locationID
2022-06-28 11:13:00.192[debug] get locationId and print it
2022-06-28 11:13:00.192[debug] 
2022-06-28 11:20:59.732[debug] startUrl http://localhost:3000
2022-06-28 11:21:00.932[verbose] Receive setVideoLayerPosition 10 721
2022-06-28 11:21:00.934[verbose] Receive setVideoLayerSize 1420 637
2022-06-28 11:21:00.954[debug] Receive getCameras
2022-06-28 11:21:01.255[debug] Serial number of camera: 0x14200000047d80b4
20211109004
2022-06-28 11:21:01.256[debug] getCamerasMac [{"name":"Kensington W2050 Full HD Auto Focus Pro Webcam","path":"0x14200000047d80b4","vid":"047d","pid":"80b4","serialNumber":"20211109004"}]
2022-06-28 11:21:01.256[debug] start _getCamera in ipc.ts and set locationID
2022-06-28 11:21:01.257[debug] get locationId and print it
2022-06-28 11:21:01.257[debug] 
2022-06-28 11:21:01.275[debug] Receive getCameras
2022-06-28 11:21:01.276[debug] Serial number of camera: 0x14200000047d80b4
20211109004
2022-06-28 11:21:01.277[debug] getCamerasMac [{"name":"Kensington W2050 Full HD Auto Focus Pro Webcam","path":"0x14200000047d80b4","vid":"047d","pid":"80b4","serialNumber":"20211109004"}]
2022-06-28 11:21:01.277[debug] start _getCamera in ipc.ts and set locationID
2022-06-28 11:21:01.278[debug] get locationId and print it
2022-06-28 11:21:01.278[debug] 
