2022-06-29 03:09:27.345[debug] startUrl http://localhost:3000
2022-06-29 03:09:33.094[verbose] Receive setVideoLayerPosition 10 10
2022-06-29 03:09:33.095[verbose] Receive setVideoLayerSize 1280 720
2022-06-29 03:09:33.098[debug] Receive getCameras
2022-06-29 03:09:33.120[debug] Serial number of camera: 0x14200000047d80b4
20211109004
2022-06-29 03:09:33.121[debug] getCamerasMac [{"name":"Kensington W2050 Full HD Auto Focus Pro Webcam","path":"0x14200000047d80b4","vid":"047d","pid":"80b4","serialNumber":"20211109004"}]
2022-06-29 03:09:33.121[debug] get locationId and print it
2022-06-29 03:09:33.122[debug] CC26395NF8VG1HNBG
2022-06-29 03:09:33.406[debug] Receive getCameras
2022-06-29 03:09:33.408[debug] Serial number of camera: 0x14200000047d80b4
20211109004
2022-06-29 03:09:33.409[debug] getCamerasMac [{"name":"Kensington W2050 Full HD Auto Focus Pro Webcam","path":"0x14200000047d80b4","vid":"047d","pid":"80b4","serialNumber":"20211109004"}]
2022-06-29 03:09:33.409[debug] get locationId and print it
2022-06-29 03:09:33.409[debug] CC26395NF8VG1HNBG
2022-06-29 03:09:39.937[debug] Receive getCameras
2022-06-29 03:09:39.944[debug] Serial number of camera: 0x14200000047d80b4
20211109004
2022-06-29 03:09:39.945[debug] getCamerasMac [{"name":"Kensington W2050 Full HD Auto Focus Pro Webcam","path":"0x14200000047d80b4","vid":"047d","pid":"80b4","serialNumber":"20211109004"}]
2022-06-29 03:09:39.949[debug] get locationId and print it
2022-06-29 03:09:39.949[debug] CC26395NF8VG1HNBG
2022-06-29 03:09:39.951[debug] Receive setCamera 0x14200000047d80b4
2022-06-29 03:09:40.043[debug] Serial number of camera: 0x14200000047d80b4
20211109004
2022-06-29 03:09:40.043[debug] getCamerasMac [{"name":"Kensington W2050 Full HD Auto Focus Pro Webcam","path":"0x14200000047d80b4","vid":"047d","pid":"80b4","serialNumber":"20211109004"}]
2022-06-29 03:09:40.043[debug] get locationId and print it
2022-06-29 03:09:40.043[debug] 0x14200000047d80b4
2022-06-29 03:09:40.047[debug] Receive getCameras
2022-06-29 03:09:40.049[debug] Serial number of camera: 0x14200000047d80b4
20211109004
2022-06-29 03:09:40.050[debug] getCamerasMac [{"name":"Kensington W2050 Full HD Auto Focus Pro Webcam","path":"0x14200000047d80b4","vid":"047d","pid":"80b4","serialNumber":"20211109004"}]
2022-06-29 03:09:40.051[debug] get locationId and print it
2022-06-29 03:09:40.051[debug] 0x14200000047d80b4
2022-06-29 03:09:40.094[debug] Receive getCameras
2022-06-29 03:09:40.096[debug] Serial number of camera: 0x14200000047d80b4
20211109004
2022-06-29 03:09:40.096[debug] getCamerasMac [{"name":"Kensington W2050 Full HD Auto Focus Pro Webcam","path":"0x14200000047d80b4","vid":"047d","pid":"80b4","serialNumber":"20211109004"}]
2022-06-29 03:09:40.096[debug] get locationId and print it
2022-06-29 03:09:40.096[debug] 0x14200000047d80b4
2022-06-29 03:09:40.111[debug] Receive getCameras
2022-06-29 03:09:40.115[debug] Serial number of camera: 0x14200000047d80b4
20211109004
2022-06-29 03:09:40.116[debug] getCamerasMac [{"name":"Kensington W2050 Full HD Auto Focus Pro Webcam","path":"0x14200000047d80b4","vid":"047d","pid":"80b4","serialNumber":"20211109004"}]
2022-06-29 03:09:40.117[debug] get locationId and print it
2022-06-29 03:09:40.117[debug] 0x14200000047d80b4
2022-06-29 03:09:40.117[debug] Receive getCameras
2022-06-29 03:09:40.128[debug] Serial number of camera: 0x14200000047d80b4
20211109004
2022-06-29 03:09:40.128[debug] getCamerasMac [{"name":"Kensington W2050 Full HD Auto Focus Pro Webcam","path":"0x14200000047d80b4","vid":"047d","pid":"80b4","serialNumber":"20211109004"}]
2022-06-29 03:09:40.129[debug] get locationId and print it
2022-06-29 03:09:40.129[debug] 0x14200000047d80b4
2022-06-29 03:09:40.767[debug] Receive openCamera
2022-06-29 03:09:40.767[debug] Call openCamera in addon.cpp
2022-06-29 03:09:41.374[debug] Receive openCamera
2022-06-29 03:09:41.374[debug] Call openCamera in addon.cpp
2022-06-29 03:09:41.549[debug] Receive openCamera
2022-06-29 03:09:41.550[debug] Call openCamera in addon.cpp
2022-06-29 03:09:41.717[debug] Receive openCamera
2022-06-29 03:09:41.717[debug] Call openCamera in addon.cpp
2022-06-29 03:09:42.070[debug] Receive openCamera
2022-06-29 03:09:42.070[debug] Call openCamera in addon.cpp
2022-06-29 03:09:43.730[debug] Receive closeCamera
2022-06-29 03:09:57.998[debug] Receive openCamera
2022-06-29 03:09:57.998[debug] Call openCamera in addon.cpp
2022-06-29 03:09:58.157[debug] Receive openCamera
2022-06-29 03:09:58.157[debug] Call openCamera in addon.cpp
2022-06-29 03:10:00.195[debug] Receive closeCamera
2022-06-29 03:10:00.690[debug] Receive openCamera
2022-06-29 03:10:00.690[debug] Call openCamera in addon.cpp
2022-06-29 03:10:01.448[debug] Receive closeCamera
2022-06-29 03:11:59.508[debug] startUrl http://localhost:3000
2022-06-29 03:12:05.146[verbose] Receive setVideoLayerPosition 10 10
2022-06-29 03:12:05.147[verbose] Receive setVideoLayerSize 1280 720
2022-06-29 03:12:05.149[debug] Receive getCameras
2022-06-29 03:12:05.162[debug] Serial number of camera: 0x14200000047d80b4
20211109004
2022-06-29 03:12:05.163[debug] getCamerasMac [{"name":"Kensington W2050 Full HD Auto Focus Pro Webcam","path":"0x14200000047d80b4","vid":"047d","pid":"80b4","serialNumber":"20211109004"}]
2022-06-29 03:12:05.197[debug] get locationId and print it
2022-06-29 03:12:05.198[debug] 0x14200000047d80b4
2022-06-29 03:12:05.278[debug] Receive getCameras
2022-06-29 03:12:05.284[debug] Serial number of camera: 0x14200000047d80b4
20211109004
2022-06-29 03:12:05.286[debug] getCamerasMac [{"name":"Kensington W2050 Full HD Auto Focus Pro Webcam","path":"0x14200000047d80b4","vid":"047d","pid":"80b4","serialNumber":"20211109004"}]
2022-06-29 03:12:05.323[debug] get locationId and print it
2022-06-29 03:12:05.324[debug] 0x14200000047d80b4
2022-06-29 03:12:05.415[debug] Receive getCameras
2022-06-29 03:12:05.416[debug] Serial number of camera: 0x14200000047d80b4
20211109004
2022-06-29 03:12:05.417[debug] getCamerasMac [{"name":"Kensington W2050 Full HD Auto Focus Pro Webcam","path":"0x14200000047d80b4","vid":"047d","pid":"80b4","serialNumber":"20211109004"}]
2022-06-29 03:12:05.443[debug] get locationId and print it
2022-06-29 03:12:05.444[debug] 0x14200000047d80b4
2022-06-29 03:12:15.881[debug] Receive openCamera
2022-06-29 03:12:15.882[debug] Call openCamera in addon.cpp
2022-06-29 03:12:45.005[debug] Receive closeCamera
2022-06-29 03:12:45.682[debug] Receive openCamera
2022-06-29 03:12:45.682[debug] Call openCamera in addon.cpp
2022-06-29 03:12:46.680[debug] Receive closeCamera
2022-06-29 03:12:47.416[debug] Receive openCamera
2022-06-29 03:12:47.416[debug] Call openCamera in addon.cpp
2022-06-29 03:12:48.462[debug] Receive closeCamera
2022-06-29 03:12:49.165[debug] Receive openCamera
2022-06-29 03:12:49.165[debug] Call openCamera in addon.cpp
2022-06-29 03:12:50.291[debug] Receive closeCamera
2022-06-29 03:16:13.959[debug] startUrl http://localhost:3000
2022-06-29 03:16:19.688[verbose] Receive setVideoLayerPosition 10 10
2022-06-29 03:16:19.689[verbose] Receive setVideoLayerSize 1280 720
2022-06-29 03:16:19.690[debug] Receive getCameras
2022-06-29 03:16:19.701[debug] Serial number of camera: 0x14200000047d80b4
20211109004
2022-06-29 03:16:19.701[debug] getCamerasMac [{"name":"Kensington W2050 Full HD Auto Focus Pro Webcam","path":"0x14200000047d80b4","vid":"047d","pid":"80b4","serialNumber":"20211109004"}]
2022-06-29 03:16:19.820[debug] get locationId and print it
2022-06-29 03:16:19.822[debug] 0x14200000047d80b4
2022-06-29 03:16:19.830[debug] Receive getCameras
2022-06-29 03:16:19.833[debug] Serial number of camera: 0x14200000047d80b4
20211109004
2022-06-29 03:16:19.834[debug] getCamerasMac [{"name":"Kensington W2050 Full HD Auto Focus Pro Webcam","path":"0x14200000047d80b4","vid":"047d","pid":"80b4","serialNumber":"20211109004"}]
2022-06-29 03:16:20.155[debug] get locationId and print it
2022-06-29 03:16:20.156[debug] 0x14200000047d80b4
2022-06-29 03:16:20.177[debug] Receive getCameras
2022-06-29 03:16:20.180[debug] Serial number of camera: 0x14200000047d80b4
20211109004
2022-06-29 03:16:20.181[debug] getCamerasMac [{"name":"Kensington W2050 Full HD Auto Focus Pro Webcam","path":"0x14200000047d80b4","vid":"047d","pid":"80b4","serialNumber":"20211109004"}]
2022-06-29 03:16:20.473[debug] get locationId and print it
2022-06-29 03:16:20.474[debug] 0x14200000047d80b4
2022-06-29 03:21:53.084[debug] startUrl http://localhost:3000
2022-06-29 03:21:58.985[verbose] Receive setVideoLayerPosition 10 10
2022-06-29 03:21:58.987[verbose] Receive setVideoLayerSize 1280 720
2022-06-29 03:21:58.990[debug] Receive getCameras
2022-06-29 03:21:58.998[debug] Serial number of camera: 0x14200000047d80b4
20211109004
2022-06-29 03:21:58.999[debug] getCamerasMac [{"name":"Kensington W2050 Full HD Auto Focus Pro Webcam","path":"0x14200000047d80b4","vid":"047d","pid":"80b4","serialNumber":"20211109004"}]
2022-06-29 03:21:59.132[debug] get locationId and print it
2022-06-29 03:21:59.133[debug] 0x14200000047d80b4
2022-06-29 03:21:59.162[debug] Receive getCameras
2022-06-29 03:21:59.164[debug] Serial number of camera: 0x14200000047d80b4
20211109004
2022-06-29 03:21:59.164[debug] getCamerasMac [{"name":"Kensington W2050 Full HD Auto Focus Pro Webcam","path":"0x14200000047d80b4","vid":"047d","pid":"80b4","serialNumber":"20211109004"}]
2022-06-29 03:21:59.444[debug] get locationId and print it
2022-06-29 03:21:59.444[debug] 0x14200000047d80b4
2022-06-29 03:21:59.447[debug] Receive getCameras
2022-06-29 03:21:59.448[debug] Serial number of camera: 0x14200000047d80b4
20211109004
2022-06-29 03:21:59.449[debug] getCamerasMac [{"name":"Kensington W2050 Full HD Auto Focus Pro Webcam","path":"0x14200000047d80b4","vid":"047d","pid":"80b4","serialNumber":"20211109004"}]
2022-06-29 03:21:59.723[debug] get locationId and print it
2022-06-29 03:21:59.723[debug] 0x14200000047d80b4
2022-06-29 03:22:07.832[debug] Receive closeCamera
2022-06-29 03:22:08.614[debug] Receive openCamera
2022-06-29 03:22:08.614[debug] Call openCamera in addon.cpp
2022-06-29 03:22:09.508[debug] Receive closeCamera
2022-06-29 03:22:10.132[debug] Receive openCamera
2022-06-29 03:22:10.133[debug] Call openCamera in addon.cpp
2022-06-29 03:22:11.090[debug] Receive closeCamera
2022-06-29 03:22:14.516[debug] Receive closeCamera
2022-06-29 03:22:15.073[debug] Receive openCamera
2022-06-29 03:22:15.074[debug] Call openCamera in addon.cpp
2022-06-29 03:22:15.626[debug] Receive openCamera
2022-06-29 03:22:15.627[debug] Call openCamera in addon.cpp
2022-06-29 03:22:16.136[debug] Receive closeCamera
2022-06-29 03:25:42.569[debug] startUrl http://localhost:3000
2022-06-29 03:25:48.151[verbose] Receive setVideoLayerPosition 10 10
2022-06-29 03:25:48.153[verbose] Receive setVideoLayerSize 1280 720
2022-06-29 03:25:48.154[debug] Receive getCameras
2022-06-29 03:25:48.168[debug] Serial number of camera: 0x14200000047d80b4
20211109004
2022-06-29 03:25:48.169[debug] getCamerasMac [{"name":"Kensington W2050 Full HD Auto Focus Pro Webcam","path":"0x14200000047d80b4","vid":"047d","pid":"80b4","serialNumber":"20211109004"}]
2022-06-29 03:25:48.330[debug] get locationId and print it
2022-06-29 03:25:48.330[debug] 0x14200000047d80b4
2022-06-29 03:25:48.352[debug] Receive getCameras
2022-06-29 03:25:48.354[debug] Serial number of camera: 0x14200000047d80b4
20211109004
2022-06-29 03:25:48.355[debug] getCamerasMac [{"name":"Kensington W2050 Full HD Auto Focus Pro Webcam","path":"0x14200000047d80b4","vid":"047d","pid":"80b4","serialNumber":"20211109004"}]
2022-06-29 03:25:48.664[debug] get locationId and print it
2022-06-29 03:25:48.664[debug] 0x14200000047d80b4
2022-06-29 03:25:48.682[debug] Receive getCameras
2022-06-29 03:25:48.683[debug] Serial number of camera: 0x14200000047d80b4
20211109004
2022-06-29 03:25:48.684[debug] getCamerasMac [{"name":"Kensington W2050 Full HD Auto Focus Pro Webcam","path":"0x14200000047d80b4","vid":"047d","pid":"80b4","serialNumber":"20211109004"}]
2022-06-29 03:25:48.967[debug] get locationId and print it
2022-06-29 03:25:48.968[debug] 0x14200000047d80b4
2022-06-29 03:26:05.046[debug] Receive openCamera
2022-06-29 03:26:05.047[debug] Call openCamera in addon.cpp
2022-06-29 03:26:05.485[debug] Receive closeCamera
2022-06-29 03:26:07.762[debug] Receive openCamera
2022-06-29 03:26:07.762[debug] Call openCamera in addon.cpp
2022-06-29 03:26:08.336[debug] Receive closeCamera
2022-06-29 03:34:55.470[debug] startUrl http://localhost:3000
2022-06-29 03:35:01.111[verbose] Receive setVideoLayerPosition 10 10
2022-06-29 03:35:01.114[verbose] Receive setVideoLayerSize 1280 720
2022-06-29 03:35:01.117[debug] Receive getCameras
2022-06-29 03:35:01.125[debug] Serial number of camera: 0x14200000047d80b4
20211109004
2022-06-29 03:35:01.126[debug] getCamerasMac [{"name":"Kensington W2050 Full HD Auto Focus Pro Webcam","path":"0x14200000047d80b4","vid":"047d","pid":"80b4","serialNumber":"20211109004"}]
2022-06-29 03:35:01.150[debug] get locationId and print it
2022-06-29 03:35:01.150[debug] 0x14200000047d80b4
2022-06-29 03:35:01.228[debug] Receive getCameras
2022-06-29 03:35:01.230[debug] Serial number of camera: 0x14200000047d80b4
20211109004
2022-06-29 03:35:01.231[debug] getCamerasMac [{"name":"Kensington W2050 Full HD Auto Focus Pro Webcam","path":"0x14200000047d80b4","vid":"047d","pid":"80b4","serialNumber":"20211109004"}]
2022-06-29 03:35:01.259[debug] get locationId and print it
2022-06-29 03:35:01.259[debug] 0x14200000047d80b4
2022-06-29 03:35:01.261[debug] Receive getCameras
2022-06-29 03:35:01.262[debug] Serial number of camera: 0x14200000047d80b4
20211109004
2022-06-29 03:35:01.263[debug] getCamerasMac [{"name":"Kensington W2050 Full HD Auto Focus Pro Webcam","path":"0x14200000047d80b4","vid":"047d","pid":"80b4","serialNumber":"20211109004"}]
2022-06-29 03:35:01.293[debug] get locationId and print it
2022-06-29 03:35:01.293[debug] 0x14200000047d80b4
2022-06-29 03:35:18.009[debug] Receive openCamera
2022-06-29 03:35:18.009[debug] Call openCamera in addon.cpp
2022-06-29 03:35:18.568[debug] Receive openCamera
2022-06-29 03:35:18.568[debug] Call openCamera in addon.cpp
2022-06-29 03:35:19.119[debug] Receive closeCamera
2022-06-29 03:35:19.525[debug] Receive closeCamera
2022-06-29 03:35:20.132[debug] Receive openCamera
2022-06-29 03:35:20.133[debug] Call openCamera in addon.cpp
2022-06-29 03:38:19.564[debug] startUrl http://localhost:3000
2022-06-29 03:38:20.782[verbose] Receive setVideoLayerPosition 10 10
2022-06-29 03:38:20.785[verbose] Receive setVideoLayerSize 1280 720
2022-06-29 03:38:20.787[debug] Receive getCameras
2022-06-29 03:38:20.798[debug] Serial number of camera: 0x14200000047d80b4
20211109004
2022-06-29 03:38:20.799[debug] getCamerasMac [{"name":"Kensington W2050 Full HD Auto Focus Pro Webcam","path":"0x14200000047d80b4","vid":"047d","pid":"80b4","serialNumber":"20211109004"}]
2022-06-29 03:38:20.838[debug] get locationId and print it
2022-06-29 03:38:20.838[debug] 0x14200000047d80b4
2022-06-29 03:38:20.858[debug] Receive getCameras
2022-06-29 03:38:20.860[debug] Serial number of camera: 0x14200000047d80b4
20211109004
2022-06-29 03:38:20.860[debug] getCamerasMac [{"name":"Kensington W2050 Full HD Auto Focus Pro Webcam","path":"0x14200000047d80b4","vid":"047d","pid":"80b4","serialNumber":"20211109004"}]
2022-06-29 03:38:20.882[debug] get locationId and print it
2022-06-29 03:38:20.882[debug] 0x14200000047d80b4
2022-06-29 03:38:20.922[debug] Receive getCameras
2022-06-29 03:38:20.924[debug] Serial number of camera: 0x14200000047d80b4
20211109004
2022-06-29 03:38:20.925[debug] getCamerasMac [{"name":"Kensington W2050 Full HD Auto Focus Pro Webcam","path":"0x14200000047d80b4","vid":"047d","pid":"80b4","serialNumber":"20211109004"}]
2022-06-29 03:38:20.953[debug] get locationId and print it
2022-06-29 03:38:20.954[debug] 0x14200000047d80b4
2022-06-29 03:38:40.271[debug] Receive openCamera
2022-06-29 03:38:40.272[debug] Call openCamera in addon.cpp
2022-06-29 03:40:43.629[debug] startUrl http://localhost:3000
2022-06-29 03:40:44.438[verbose] Receive setVideoLayerPosition 10 10
2022-06-29 03:40:44.442[verbose] Receive setVideoLayerSize 1280 720
2022-06-29 03:40:44.447[debug] Receive getCameras
2022-06-29 03:40:44.454[debug] Serial number of camera: 0x14200000047d80b4
20211109004
2022-06-29 03:40:44.455[debug] getCamerasMac [{"name":"Kensington W2050 Full HD Auto Focus Pro Webcam","path":"0x14200000047d80b4","vid":"047d","pid":"80b4","serialNumber":"20211109004"}]
2022-06-29 03:40:44.474[debug] get locationId and print it
2022-06-29 03:40:44.475[debug] 0x14200000047d80b4
2022-06-29 03:40:44.664[debug] Receive getCameras
2022-06-29 03:40:44.666[debug] Serial number of camera: 0x14200000047d80b4
20211109004
2022-06-29 03:40:44.666[debug] getCamerasMac [{"name":"Kensington W2050 Full HD Auto Focus Pro Webcam","path":"0x14200000047d80b4","vid":"047d","pid":"80b4","serialNumber":"20211109004"}]
2022-06-29 03:40:44.694[debug] get locationId and print it
2022-06-29 03:40:44.694[debug] 0x14200000047d80b4
2022-06-29 03:40:44.719[debug] Receive getCameras
2022-06-29 03:40:44.721[debug] Serial number of camera: 0x14200000047d80b4
20211109004
2022-06-29 03:40:44.721[debug] getCamerasMac [{"name":"Kensington W2050 Full HD Auto Focus Pro Webcam","path":"0x14200000047d80b4","vid":"047d","pid":"80b4","serialNumber":"20211109004"}]
2022-06-29 03:40:44.757[debug] get locationId and print it
2022-06-29 03:40:44.758[debug] 0x14200000047d80b4
2022-06-29 03:41:12.566[debug] Receive closeCamera
2022-06-29 03:41:13.321[debug] Receive closeCamera
2022-06-29 03:41:13.640[debug] Receive closeCamera
2022-06-29 03:41:13.832[debug] Receive closeCamera
2022-06-29 03:41:13.992[debug] Receive closeCamera
2022-06-29 03:41:14.192[debug] Receive closeCamera
2022-06-29 03:41:14.663[debug] Receive openCamera
2022-06-29 03:41:14.663[debug] Call openCamera in addon.cpp
2022-06-29 03:41:14.853[debug] Receive openCamera
2022-06-29 03:41:14.853[debug] Call openCamera in addon.cpp
2022-06-29 03:41:15.367[debug] Receive closeCamera
2022-06-29 03:41:15.998[debug] Receive closeCamera
2022-06-29 03:41:16.397[debug] Receive closeCamera
2022-06-29 03:46:41.820[debug] startUrl http://localhost:3000
2022-06-29 03:46:43.317[verbose] Receive setVideoLayerPosition 10 10
2022-06-29 03:46:43.320[verbose] Receive setVideoLayerSize 1280 720
2022-06-29 03:46:43.322[debug] Receive getCameras
2022-06-29 03:46:43.332[debug] Serial number of camera: 0x14200000047d80b4
20211109004
2022-06-29 03:46:43.333[debug] getCamerasMac [{"name":"Kensington W2050 Full HD Auto Focus Pro Webcam","path":"0x14200000047d80b4","vid":"047d","pid":"80b4","serialNumber":"20211109004"}]
2022-06-29 03:46:43.635[debug] get locationId and print it
2022-06-29 03:46:43.637[debug] 0x14200000047d80b4
2022-06-29 03:46:43.654[debug] Receive getCameras
2022-06-29 03:46:43.656[debug] Serial number of camera: 0x14200000047d80b4
20211109004
2022-06-29 03:46:43.656[debug] getCamerasMac [{"name":"Kensington W2050 Full HD Auto Focus Pro Webcam","path":"0x14200000047d80b4","vid":"047d","pid":"80b4","serialNumber":"20211109004"}]
2022-06-29 03:46:43.939[debug] get locationId and print it
2022-06-29 03:46:43.939[debug] 0x14200000047d80b4
2022-06-29 03:46:43.941[debug] Receive getCameras
2022-06-29 03:46:43.942[debug] Serial number of camera: 0x14200000047d80b4
20211109004
2022-06-29 03:46:43.943[debug] getCamerasMac [{"name":"Kensington W2050 Full HD Auto Focus Pro Webcam","path":"0x14200000047d80b4","vid":"047d","pid":"80b4","serialNumber":"20211109004"}]
2022-06-29 03:46:44.223[debug] get locationId and print it
2022-06-29 03:46:44.224[debug] 0x14200000047d80b4
2022-06-29 03:46:48.120[debug] Receive closeCamera
2022-06-29 03:46:49.247[debug] Receive openCamera
2022-06-29 03:46:49.249[debug] Call openCamera in addon.cpp
2022-06-29 03:46:50.633[debug] Receive closeCamera
2022-06-29 03:46:51.328[debug] Receive openCamera
2022-06-29 03:46:51.328[debug] Call openCamera in addon.cpp
2022-06-29 03:46:52.525[debug] Receive closeCamera
2022-06-29 03:46:53.293[debug] Receive openCamera
2022-06-29 03:46:53.293[debug] Call openCamera in addon.cpp
2022-06-29 03:46:55.125[debug] Receive closeCamera
2022-06-29 03:46:56.552[debug] Receive openCamera
2022-06-29 03:46:56.552[debug] Call openCamera in addon.cpp
2022-06-29 03:46:58.185[debug] Receive closeCamera
2022-06-29 03:46:58.815[debug] Receive openCamera
2022-06-29 03:46:58.815[debug] Call openCamera in addon.cpp
2022-06-29 03:47:00.453[debug] Receive closeCamera
2022-06-29 03:47:01.075[debug] Receive openCamera
2022-06-29 03:47:01.076[debug] Call openCamera in addon.cpp
2022-06-29 03:47:03.130[debug] Receive closeCamera
2022-06-29 03:47:03.760[debug] Receive openCamera
2022-06-29 03:47:03.760[debug] Call openCamera in addon.cpp
2022-06-29 03:47:07.398[debug] Receive closeCamera
2022-06-29 03:47:08.021[debug] Receive openCamera
2022-06-29 03:47:08.021[debug] Call openCamera in addon.cpp
2022-06-29 03:47:14.197[debug] Receive closeCamera
2022-06-29 03:47:14.756[debug] Receive openCamera
2022-06-29 03:47:14.757[debug] Call openCamera in addon.cpp
