2022-06-28 20:39:46.853[debug] startUrl http://localhost:3000
2022-06-28 20:39:47.840[verbose] Receive setVideoLayerPosition 10 10
2022-06-28 20:39:47.842[verbose] Receive setVideoLayerSize 1280 720
2022-06-28 20:39:47.844[debug] Receive getCameras
2022-06-28 20:39:47.855[debug] getCamerasMac []
2022-06-28 20:39:47.855[debug] get locationId and print it
2022-06-28 20:39:47.856[debug] CC26395NF8VG1HNBG
2022-06-28 20:40:06.718[debug] Receive openCamera
2022-06-28 20:40:06.719[debug] Call openCamera in addon.cpp
2022-06-28 20:40:10.822[debug] Receive openCamera
2022-06-28 20:40:10.822[debug] Call openCamera in addon.cpp
2022-06-28 20:40:11.077[debug] Receive openCamera
2022-06-28 20:40:11.078[debug] Call openCamera in addon.cpp
2022-06-28 20:40:11.237[debug] Receive openCamera
2022-06-28 20:40:11.237[debug] Call openCamera in addon.cpp
2022-06-28 20:40:12.867[debug] Receive closeCamera
2022-06-28 20:40:13.026[debug] Receive closeCamera
2022-06-28 20:40:13.205[debug] Receive closeCamera
2022-06-28 20:40:13.787[debug] Receive openCamera
2022-06-28 20:40:13.787[debug] Call openCamera in addon.cpp
2022-06-28 20:41:36.489[debug] startUrl http://localhost:3000
2022-06-28 20:41:37.492[verbose] Receive setVideoLayerPosition 10 10
2022-06-28 20:41:37.493[verbose] Receive setVideoLayerSize 1280 720
2022-06-28 20:41:37.494[debug] Receive getCameras
2022-06-28 20:41:37.507[debug] Serial number of camera: 0x14200000047d80b4
20211109004
2022-06-28 20:41:37.508[debug] getCamerasMac [{"name":"Kensington W2050 Full HD Auto Focus Pro Webcam","path":"0x14200000047d80b4","vid":"047d","pid":"80b4","serialNumber":"20211109004"}]
2022-06-28 20:41:37.508[debug] get locationId and print it
2022-06-28 20:41:37.509[debug] CC26395NF8VG1HNBG
2022-06-28 20:41:37.561[debug] Receive getCameras
2022-06-28 20:41:37.563[debug] Serial number of camera: 0x14200000047d80b4
20211109004
2022-06-28 20:41:37.563[debug] getCamerasMac [{"name":"Kensington W2050 Full HD Auto Focus Pro Webcam","path":"0x14200000047d80b4","vid":"047d","pid":"80b4","serialNumber":"20211109004"}]
2022-06-28 20:41:37.564[debug] get locationId and print it
2022-06-28 20:41:37.564[debug] CC26395NF8VG1HNBG
2022-06-28 20:41:41.558[debug] Receive openCamera
2022-06-28 20:41:41.558[debug] Call openCamera in addon.cpp
2022-06-28 20:41:49.401[debug] Receive openCamera
2022-06-28 20:41:49.401[debug] Call openCamera in addon.cpp
2022-06-28 20:41:52.883[debug] Receive getCameras
2022-06-28 20:42:15.713[debug] startUrl http://localhost:3000
2022-06-28 20:42:16.613[verbose] Receive setVideoLayerPosition 10 10
2022-06-28 20:42:16.617[verbose] Receive setVideoLayerSize 1280 720
2022-06-28 20:42:16.622[debug] Receive getCameras
2022-06-28 20:42:16.632[debug] Serial number of camera: 0x14200000047d80b4
20211109004
2022-06-28 20:42:16.632[debug] getCamerasMac [{"name":"Kensington W2050 Full HD Auto Focus Pro Webcam","path":"0x14200000047d80b4","vid":"047d","pid":"80b4","serialNumber":"20211109004"}]
2022-06-28 20:42:16.633[debug] get locationId and print it
2022-06-28 20:42:16.633[debug] CC26395NF8VG1HNBG
2022-06-28 20:42:16.770[debug] Receive getCameras
2022-06-28 20:42:16.772[debug] Serial number of camera: 0x14200000047d80b4
20211109004
2022-06-28 20:42:16.773[debug] getCamerasMac [{"name":"Kensington W2050 Full HD Auto Focus Pro Webcam","path":"0x14200000047d80b4","vid":"047d","pid":"80b4","serialNumber":"20211109004"}]
2022-06-28 20:42:16.773[debug] get locationId and print it
2022-06-28 20:42:16.773[debug] CC26395NF8VG1HNBG
2022-06-28 20:42:21.759[debug] Receive openCamera
2022-06-28 20:42:21.760[debug] Call openCamera in addon.cpp
2022-06-28 20:42:22.062[debug] Receive openCamera
2022-06-28 20:42:22.063[debug] Call openCamera in addon.cpp
2022-06-28 20:42:22.263[debug] Receive openCamera
2022-06-28 20:42:22.264[debug] Call openCamera in addon.cpp
2022-06-28 20:42:22.438[debug] Receive openCamera
2022-06-28 20:42:22.438[debug] Call openCamera in addon.cpp
2022-06-28 20:42:22.613[debug] Receive openCamera
2022-06-28 20:42:22.613[debug] Call openCamera in addon.cpp
2022-06-28 20:42:22.786[debug] Receive openCamera
2022-06-28 20:42:22.786[debug] Call openCamera in addon.cpp
2022-06-28 20:42:22.981[debug] Receive openCamera
2022-06-28 20:42:22.981[debug] Call openCamera in addon.cpp
2022-06-28 20:42:23.452[debug] Receive openCamera
2022-06-28 20:42:23.453[debug] Call openCamera in addon.cpp
2022-06-28 20:42:23.676[debug] Receive openCamera
2022-06-28 20:42:23.677[debug] Call openCamera in addon.cpp
2022-06-28 20:42:23.852[debug] Receive openCamera
2022-06-28 20:42:23.852[debug] Call openCamera in addon.cpp
2022-06-28 20:42:25.857[debug] Receive getCameras
2022-06-28 20:43:43.423[debug] startUrl http://localhost:3000
2022-06-28 20:43:43.977[verbose] Receive setVideoLayerPosition 10 10
2022-06-28 20:43:43.978[verbose] Receive setVideoLayerSize 1280 720
2022-06-28 20:43:43.979[debug] Receive getCameras
2022-06-28 20:43:43.996[debug] Serial number of camera: 0x14200000047d80b4
20211109004
2022-06-28 20:43:43.996[debug] getCamerasMac [{"name":"Kensington W2050 Full HD Auto Focus Pro Webcam","path":"0x14200000047d80b4","vid":"047d","pid":"80b4","serialNumber":"20211109004"}]
2022-06-28 20:43:43.999[debug] get locationId and print it
2022-06-28 20:43:44.000[debug] CC26395NF8VG1HNBG
2022-06-28 20:43:44.126[debug] Receive getCameras
2022-06-28 20:43:44.128[debug] Serial number of camera: 0x14200000047d80b4
20211109004
2022-06-28 20:43:44.128[debug] getCamerasMac [{"name":"Kensington W2050 Full HD Auto Focus Pro Webcam","path":"0x14200000047d80b4","vid":"047d","pid":"80b4","serialNumber":"20211109004"}]
2022-06-28 20:43:44.129[debug] get locationId and print it
2022-06-28 20:43:44.129[debug] CC26395NF8VG1HNBG
2022-06-28 20:43:51.273[debug] Receive getCameras
2022-06-28 20:43:51.275[debug] Serial number of camera: 0x14200000047d80b4
20211109004
2022-06-28 20:43:51.278[debug] getCamerasMac [{"name":"Kensington W2050 Full HD Auto Focus Pro Webcam","path":"0x14200000047d80b4","vid":"047d","pid":"80b4","serialNumber":"20211109004"}]
2022-06-28 20:43:51.279[debug] get locationId and print it
2022-06-28 20:43:51.280[debug] CC26395NF8VG1HNBG
2022-06-28 20:43:51.285[debug] Receive setCamera 0x14200000047d80b4
2022-06-28 20:43:51.359[debug] Serial number of camera: 0x14200000047d80b4
20211109004
2022-06-28 20:43:51.359[debug] getCamerasMac [{"name":"Kensington W2050 Full HD Auto Focus Pro Webcam","path":"0x14200000047d80b4","vid":"047d","pid":"80b4","serialNumber":"20211109004"}]
2022-06-28 20:43:51.359[debug] get locationId and print it
2022-06-28 20:43:51.360[debug] 0x14200000047d80b4
2022-06-28 20:43:51.377[debug] Receive getCameras
2022-06-28 20:43:51.381[debug] Serial number of camera: 0x14200000047d80b4
20211109004
2022-06-28 20:43:51.382[debug] getCamerasMac [{"name":"Kensington W2050 Full HD Auto Focus Pro Webcam","path":"0x14200000047d80b4","vid":"047d","pid":"80b4","serialNumber":"20211109004"}]
2022-06-28 20:43:51.383[debug] get locationId and print it
2022-06-28 20:43:51.383[debug] 0x14200000047d80b4
2022-06-28 20:43:51.444[debug] Receive getCameras
2022-06-28 20:43:51.450[debug] Serial number of camera: 0x14200000047d80b4
20211109004
2022-06-28 20:43:51.450[debug] getCamerasMac [{"name":"Kensington W2050 Full HD Auto Focus Pro Webcam","path":"0x14200000047d80b4","vid":"047d","pid":"80b4","serialNumber":"20211109004"}]
2022-06-28 20:43:51.451[debug] get locationId and print it
2022-06-28 20:43:51.451[debug] 0x14200000047d80b4
2022-06-28 20:43:51.453[debug] Receive getCameras
2022-06-28 20:43:51.456[debug] Serial number of camera: 0x14200000047d80b4
20211109004
2022-06-28 20:43:51.457[debug] getCamerasMac [{"name":"Kensington W2050 Full HD Auto Focus Pro Webcam","path":"0x14200000047d80b4","vid":"047d","pid":"80b4","serialNumber":"20211109004"}]
2022-06-28 20:43:51.458[debug] get locationId and print it
2022-06-28 20:43:51.458[debug] 0x14200000047d80b4
2022-06-28 20:43:51.513[debug] Receive getCameras
2022-06-28 20:43:51.515[debug] Serial number of camera: 0x14200000047d80b4
20211109004
2022-06-28 20:43:51.515[debug] getCamerasMac [{"name":"Kensington W2050 Full HD Auto Focus Pro Webcam","path":"0x14200000047d80b4","vid":"047d","pid":"80b4","serialNumber":"20211109004"}]
2022-06-28 20:43:51.515[debug] get locationId and print it
2022-06-28 20:43:51.515[debug] 0x14200000047d80b4
2022-06-28 20:43:54.740[debug] Receive openCamera
2022-06-28 20:43:54.741[debug] Call openCamera in addon.cpp
2022-06-28 20:43:59.494[debug] Receive closeCamera
2022-06-28 20:44:00.407[debug] Receive openCamera
2022-06-28 20:44:00.407[debug] Call openCamera in addon.cpp
2022-06-28 20:44:01.122[debug] Receive closeCamera
2022-06-28 20:44:01.882[debug] Receive openCamera
2022-06-28 20:44:01.882[debug] Call openCamera in addon.cpp
2022-06-28 20:44:02.560[debug] Receive closeCamera
2022-06-28 20:44:05.737[debug] Receive getCameras
2022-06-28 20:44:05.741[debug] Serial number of camera: 0x14200000047d80b4
20211109004
2022-06-28 20:44:05.742[debug] getCamerasMac [{"name":"Kensington W2050 Full HD Auto Focus Pro Webcam","path":"0x14200000047d80b4","vid":"047d","pid":"80b4","serialNumber":"20211109004"}]
2022-06-28 20:44:05.743[debug] get locationId and print it
2022-06-28 20:44:05.743[debug] 0x14200000047d80b4
2022-06-28 20:44:05.890[debug] Receive getCameras
2022-06-28 20:44:05.891[debug] Serial number of camera: 0x14200000047d80b4
20211109004
2022-06-28 20:44:05.892[debug] getCamerasMac [{"name":"Kensington W2050 Full HD Auto Focus Pro Webcam","path":"0x14200000047d80b4","vid":"047d","pid":"80b4","serialNumber":"20211109004"}]
2022-06-28 20:44:05.892[debug] get locationId and print it
2022-06-28 20:44:05.892[debug] 0x14200000047d80b4
2022-06-28 20:44:06.049[debug] Receive getCameras
2022-06-28 20:44:06.051[debug] Serial number of camera: 0x14200000047d80b4
20211109004
2022-06-28 20:44:06.051[debug] getCamerasMac [{"name":"Kensington W2050 Full HD Auto Focus Pro Webcam","path":"0x14200000047d80b4","vid":"047d","pid":"80b4","serialNumber":"20211109004"}]
2022-06-28 20:44:06.051[debug] get locationId and print it
2022-06-28 20:44:06.051[debug] 0x14200000047d80b4
2022-06-28 20:44:06.217[debug] Receive getCameras
2022-06-28 20:44:06.218[debug] Serial number of camera: 0x14200000047d80b4
20211109004
2022-06-28 20:44:06.218[debug] getCamerasMac [{"name":"Kensington W2050 Full HD Auto Focus Pro Webcam","path":"0x14200000047d80b4","vid":"047d","pid":"80b4","serialNumber":"20211109004"}]
2022-06-28 20:44:06.219[debug] get locationId and print it
2022-06-28 20:44:06.219[debug] 0x14200000047d80b4
2022-06-28 20:44:06.705[debug] Receive openCamera
2022-06-28 20:44:06.705[debug] Call openCamera in addon.cpp
2022-06-28 20:44:07.712[debug] Receive closeCamera
2022-06-28 20:45:02.629[debug] startUrl http://localhost:3000
2022-06-28 20:45:03.374[verbose] Receive setVideoLayerPosition 10 10
2022-06-28 20:45:03.377[verbose] Receive setVideoLayerSize 1280 720
2022-06-28 20:45:03.378[debug] Receive getCameras
2022-06-28 20:45:03.396[debug] Serial number of camera: 0x14200000047d80b4
20211109004
2022-06-28 20:45:03.398[debug] getCamerasMac [{"name":"Kensington W2050 Full HD Auto Focus Pro Webcam","path":"0x14200000047d80b4","vid":"047d","pid":"80b4","serialNumber":"20211109004"}]
2022-06-28 20:45:03.399[debug] get locationId and print it
2022-06-28 20:45:03.399[debug] CC26395NF8VG1HNBG
2022-06-28 20:45:03.641[debug] Receive getCameras
2022-06-28 20:45:03.643[debug] Serial number of camera: 0x14200000047d80b4
20211109004
2022-06-28 20:45:03.644[debug] getCamerasMac [{"name":"Kensington W2050 Full HD Auto Focus Pro Webcam","path":"0x14200000047d80b4","vid":"047d","pid":"80b4","serialNumber":"20211109004"}]
2022-06-28 20:45:03.644[debug] get locationId and print it
2022-06-28 20:45:03.644[debug] CC26395NF8VG1HNBG
2022-06-28 20:45:08.948[debug] Receive openCamera
2022-06-28 20:45:08.948[debug] Call openCamera in addon.cpp
2022-06-28 20:45:16.045[debug] Receive closeCamera
2022-06-28 20:45:20.862[debug] Receive getCameras
2022-06-28 20:45:20.867[debug] Serial number of camera: 0x14200000047d80b4
20211109004
2022-06-28 20:45:20.869[debug] getCamerasMac [{"name":"Kensington W2050 Full HD Auto Focus Pro Webcam","path":"0x14200000047d80b4","vid":"047d","pid":"80b4","serialNumber":"20211109004"}]
2022-06-28 20:45:20.870[debug] get locationId and print it
2022-06-28 20:45:20.871[debug] CC26395NF8VG1HNBG
2022-06-28 20:45:20.872[debug] Receive setCamera 0x14200000047d80b4
2022-06-28 20:45:20.937[debug] Serial number of camera: 0x14200000047d80b4
20211109004
2022-06-28 20:45:20.939[debug] getCamerasMac [{"name":"Kensington W2050 Full HD Auto Focus Pro Webcam","path":"0x14200000047d80b4","vid":"047d","pid":"80b4","serialNumber":"20211109004"}]
2022-06-28 20:45:20.940[debug] get locationId and print it
2022-06-28 20:45:20.941[debug] 0x14200000047d80b4
2022-06-28 20:45:20.948[debug] Receive getCameras
2022-06-28 20:45:20.950[debug] Serial number of camera: 0x14200000047d80b4
20211109004
2022-06-28 20:45:20.950[debug] getCamerasMac [{"name":"Kensington W2050 Full HD Auto Focus Pro Webcam","path":"0x14200000047d80b4","vid":"047d","pid":"80b4","serialNumber":"20211109004"}]
2022-06-28 20:45:20.950[debug] get locationId and print it
2022-06-28 20:45:20.950[debug] 0x14200000047d80b4
2022-06-28 20:45:20.964[debug] Receive getCameras
2022-06-28 20:45:20.966[debug] Serial number of camera: 0x14200000047d80b4
20211109004
2022-06-28 20:45:20.966[debug] getCamerasMac [{"name":"Kensington W2050 Full HD Auto Focus Pro Webcam","path":"0x14200000047d80b4","vid":"047d","pid":"80b4","serialNumber":"20211109004"}]
2022-06-28 20:45:20.966[debug] get locationId and print it
2022-06-28 20:45:20.967[debug] 0x14200000047d80b4
2022-06-28 20:45:20.991[debug] Receive getCameras
2022-06-28 20:45:20.997[debug] Serial number of camera: 0x14200000047d80b4
20211109004
2022-06-28 20:45:20.997[debug] getCamerasMac [{"name":"Kensington W2050 Full HD Auto Focus Pro Webcam","path":"0x14200000047d80b4","vid":"047d","pid":"80b4","serialNumber":"20211109004"}]
2022-06-28 20:45:20.997[debug] get locationId and print it
2022-06-28 20:45:20.997[debug] 0x14200000047d80b4
2022-06-28 20:45:20.998[debug] Receive getCameras
2022-06-28 20:45:21.000[debug] Serial number of camera: 0x14200000047d80b4
20211109004
2022-06-28 20:45:21.000[debug] getCamerasMac [{"name":"Kensington W2050 Full HD Auto Focus Pro Webcam","path":"0x14200000047d80b4","vid":"047d","pid":"80b4","serialNumber":"20211109004"}]
2022-06-28 20:45:21.000[debug] get locationId and print it
2022-06-28 20:45:21.000[debug] 0x14200000047d80b4
2022-06-28 20:45:24.410[debug] Receive openCamera
2022-06-28 20:45:24.410[debug] Call openCamera in addon.cpp
2022-06-28 20:45:26.887[debug] Receive closeCamera
2022-06-28 20:45:43.115[debug] startUrl http://localhost:3000
2022-06-28 20:45:43.615[verbose] Receive setVideoLayerPosition 10 10
2022-06-28 20:45:43.616[verbose] Receive setVideoLayerSize 1280 720
2022-06-28 20:45:43.617[debug] Receive getCameras
2022-06-28 20:45:43.632[debug] Serial number of camera: 0x14200000047d80b4
20211109004
2022-06-28 20:45:43.633[debug] getCamerasMac [{"name":"Kensington W2050 Full HD Auto Focus Pro Webcam","path":"0x14200000047d80b4","vid":"047d","pid":"80b4","serialNumber":"20211109004"}]
2022-06-28 20:45:43.633[debug] get locationId and print it
2022-06-28 20:45:43.634[debug] CC26395NF8VG1HNBG
2022-06-28 20:45:43.899[debug] Receive getCameras
2022-06-28 20:45:43.901[debug] Serial number of camera: 0x14200000047d80b4
20211109004
2022-06-28 20:45:43.902[debug] getCamerasMac [{"name":"Kensington W2050 Full HD Auto Focus Pro Webcam","path":"0x14200000047d80b4","vid":"047d","pid":"80b4","serialNumber":"20211109004"}]
2022-06-28 20:45:43.902[debug] get locationId and print it
2022-06-28 20:45:43.903[debug] CC26395NF8VG1HNBG
2022-06-28 20:45:47.657[debug] Receive openCamera
2022-06-28 20:45:47.657[debug] Call openCamera in addon.cpp
2022-06-28 20:45:51.373[debug] Receive getCameras
2022-06-28 20:50:03.391[debug] startUrl http://localhost:3000
2022-06-28 20:50:03.923[verbose] Receive setVideoLayerPosition 10 10
2022-06-28 20:50:03.924[verbose] Receive setVideoLayerSize 1280 720
2022-06-28 20:50:03.925[debug] Receive getCameras
2022-06-28 20:50:03.943[debug] Serial number of camera: 0x14200000047d80b4
20211109004
2022-06-28 20:50:03.944[debug] getCamerasMac [{"name":"Kensington W2050 Full HD Auto Focus Pro Webcam","path":"0x14200000047d80b4","vid":"047d","pid":"80b4","serialNumber":"20211109004"}]
2022-06-28 20:50:03.945[debug] get locationId and print it
2022-06-28 20:50:03.945[debug] CC26395NF8VG1HNBG
2022-06-28 20:50:04.144[debug] Receive getCameras
2022-06-28 20:50:04.146[debug] Serial number of camera: 0x14200000047d80b4
20211109004
2022-06-28 20:50:04.147[debug] getCamerasMac [{"name":"Kensington W2050 Full HD Auto Focus Pro Webcam","path":"0x14200000047d80b4","vid":"047d","pid":"80b4","serialNumber":"20211109004"}]
2022-06-28 20:50:04.147[debug] get locationId and print it
2022-06-28 20:50:04.148[debug] CC26395NF8VG1HNBG
2022-06-28 20:50:11.684[debug] Receive openCamera
2022-06-28 20:50:11.684[debug] Call openCamera in addon.cpp
2022-06-28 20:57:14.665[debug] startUrl http://localhost:3000
2022-06-28 20:57:15.349[verbose] Receive setVideoLayerPosition 10 10
2022-06-28 20:57:15.352[verbose] Receive setVideoLayerSize 1280 720
2022-06-28 20:57:15.354[debug] Receive getCameras
2022-06-28 20:57:15.362[debug] Serial number of camera: 0x14200000047d80b4
20211109004
2022-06-28 20:57:15.363[debug] getCamerasMac [{"name":"Kensington W2050 Full HD Auto Focus Pro Webcam","path":"0x14200000047d80b4","vid":"047d","pid":"80b4","serialNumber":"20211109004"}]
2022-06-28 20:57:15.363[debug] get locationId and print it
2022-06-28 20:57:15.364[debug] CC26395NF8VG1HNBG
2022-06-28 20:57:15.489[debug] Receive getCameras
2022-06-28 20:57:15.496[debug] Serial number of camera: 0x14200000047d80b4
20211109004
2022-06-28 20:57:15.499[debug] getCamerasMac [{"name":"Kensington W2050 Full HD Auto Focus Pro Webcam","path":"0x14200000047d80b4","vid":"047d","pid":"80b4","serialNumber":"20211109004"}]
2022-06-28 20:57:15.501[debug] get locationId and print it
2022-06-28 20:57:15.501[debug] CC26395NF8VG1HNBG
2022-06-28 20:57:20.079[debug] Receive openCamera
2022-06-28 20:57:20.079[debug] Call openCamera in addon.cpp
2022-06-28 20:57:23.526[debug] Receive getCameras
2022-06-28 20:57:23.533[debug] Serial number of camera: 0x14200000047d80b4
20211109004
2022-06-28 20:57:23.533[debug] getCamerasMac [{"name":"Kensington W2050 Full HD Auto Focus Pro Webcam","path":"0x14200000047d80b4","vid":"047d","pid":"80b4","serialNumber":"20211109004"}]
2022-06-28 20:57:23.533[debug] get locationId and print it
2022-06-28 20:57:23.534[debug] CC26395NF8VG1HNBG
2022-06-28 20:57:23.535[debug] Receive setCamera 0x14200000047d80b4
2022-06-28 20:57:23.768[debug] Serial number of camera: 0x14200000047d80b4
20211109004
2022-06-28 20:57:23.769[debug] getCamerasMac [{"name":"Kensington W2050 Full HD Auto Focus Pro Webcam","path":"0x14200000047d80b4","vid":"047d","pid":"80b4","serialNumber":"20211109004"}]
2022-06-28 20:57:23.769[debug] get locationId and print it
2022-06-28 20:57:23.769[debug] 0x14200000047d80b4
2022-06-28 20:57:23.773[debug] Receive getCameras
2022-06-28 20:57:23.774[debug] Serial number of camera: 0x14200000047d80b4
20211109004
2022-06-28 20:57:23.775[debug] getCamerasMac [{"name":"Kensington W2050 Full HD Auto Focus Pro Webcam","path":"0x14200000047d80b4","vid":"047d","pid":"80b4","serialNumber":"20211109004"}]
2022-06-28 20:57:23.775[debug] get locationId and print it
2022-06-28 20:57:23.775[debug] 0x14200000047d80b4
2022-06-28 20:57:23.785[debug] Receive getCameras
2022-06-28 20:57:23.789[debug] Serial number of camera: 0x14200000047d80b4
20211109004
2022-06-28 20:57:23.790[debug] getCamerasMac [{"name":"Kensington W2050 Full HD Auto Focus Pro Webcam","path":"0x14200000047d80b4","vid":"047d","pid":"80b4","serialNumber":"20211109004"}]
2022-06-28 20:57:23.791[debug] get locationId and print it
2022-06-28 20:57:23.791[debug] 0x14200000047d80b4
2022-06-28 20:57:23.795[debug] Receive getCameras
2022-06-28 20:57:23.797[debug] Serial number of camera: 0x14200000047d80b4
20211109004
2022-06-28 20:57:23.797[debug] getCamerasMac [{"name":"Kensington W2050 Full HD Auto Focus Pro Webcam","path":"0x14200000047d80b4","vid":"047d","pid":"80b4","serialNumber":"20211109004"}]
2022-06-28 20:57:23.797[debug] get locationId and print it
2022-06-28 20:57:23.798[debug] 0x14200000047d80b4
2022-06-28 20:57:23.802[debug] Receive getCameras
2022-06-28 20:57:23.804[debug] Serial number of camera: 0x14200000047d80b4
20211109004
2022-06-28 20:57:23.804[debug] getCamerasMac [{"name":"Kensington W2050 Full HD Auto Focus Pro Webcam","path":"0x14200000047d80b4","vid":"047d","pid":"80b4","serialNumber":"20211109004"}]
2022-06-28 20:57:23.804[debug] get locationId and print it
2022-06-28 20:57:23.805[debug] 0x14200000047d80b4
2022-06-28 20:57:38.188[debug] Receive closeCamera
2022-06-28 20:57:40.156[debug] Receive openCamera
2022-06-28 20:57:40.156[debug] Call openCamera in addon.cpp
2022-06-28 20:57:41.999[debug] Receive closeCamera
2022-06-28 20:57:54.887[debug] startUrl http://localhost:3000
2022-06-28 20:57:55.775[verbose] Receive setVideoLayerPosition 10 10
2022-06-28 20:57:55.782[verbose] Receive setVideoLayerSize 1280 720
2022-06-28 20:57:55.791[debug] Receive getCameras
2022-06-28 20:57:55.799[debug] Serial number of camera: 0x14200000047d80b4
20211109004
2022-06-28 20:57:55.800[debug] getCamerasMac [{"name":"Kensington W2050 Full HD Auto Focus Pro Webcam","path":"0x14200000047d80b4","vid":"047d","pid":"80b4","serialNumber":"20211109004"}]
2022-06-28 20:57:55.801[debug] get locationId and print it
2022-06-28 20:57:55.801[debug] CC26395NF8VG1HNBG
2022-06-28 20:57:55.835[debug] Receive getCameras
2022-06-28 20:57:55.837[debug] Serial number of camera: 0x14200000047d80b4
20211109004
2022-06-28 20:57:55.838[debug] getCamerasMac [{"name":"Kensington W2050 Full HD Auto Focus Pro Webcam","path":"0x14200000047d80b4","vid":"047d","pid":"80b4","serialNumber":"20211109004"}]
2022-06-28 20:57:55.838[debug] get locationId and print it
2022-06-28 20:57:55.839[debug] CC26395NF8VG1HNBG
2022-06-28 20:58:01.886[debug] Receive openCamera
2022-06-28 20:58:01.886[debug] Call openCamera in addon.cpp
2022-06-28 20:58:05.182[debug] Receive getCameras
2022-06-28 20:58:05.184[debug] Serial number of camera: 0x14200000047d80b4
20211109004
2022-06-28 20:58:05.185[debug] getCamerasMac [{"name":"Kensington W2050 Full HD Auto Focus Pro Webcam","path":"0x14200000047d80b4","vid":"047d","pid":"80b4","serialNumber":"20211109004"}]
2022-06-28 20:58:05.185[debug] get locationId and print it
2022-06-28 20:58:05.185[debug] CC26395NF8VG1HNBG
2022-06-28 20:58:05.187[debug] Receive setCamera 0x14200000047d80b4
2022-06-28 20:58:05.374[debug] Serial number of camera: 0x14200000047d80b4
20211109004
2022-06-28 20:58:05.374[debug] getCamerasMac [{"name":"Kensington W2050 Full HD Auto Focus Pro Webcam","path":"0x14200000047d80b4","vid":"047d","pid":"80b4","serialNumber":"20211109004"}]
2022-06-28 20:58:05.375[debug] get locationId and print it
2022-06-28 20:58:05.375[debug] 0x14200000047d80b4
2022-06-28 20:58:05.381[debug] Receive getCameras
2022-06-28 20:58:05.386[debug] Serial number of camera: 0x14200000047d80b4
20211109004
2022-06-28 20:58:05.387[debug] getCamerasMac [{"name":"Kensington W2050 Full HD Auto Focus Pro Webcam","path":"0x14200000047d80b4","vid":"047d","pid":"80b4","serialNumber":"20211109004"}]
2022-06-28 20:58:05.387[debug] get locationId and print it
2022-06-28 20:58:05.388[debug] 0x14200000047d80b4
2022-06-28 20:58:05.389[debug] Receive getCameras
2022-06-28 20:58:05.391[debug] Serial number of camera: 0x14200000047d80b4
20211109004
2022-06-28 20:58:05.391[debug] getCamerasMac [{"name":"Kensington W2050 Full HD Auto Focus Pro Webcam","path":"0x14200000047d80b4","vid":"047d","pid":"80b4","serialNumber":"20211109004"}]
2022-06-28 20:58:05.391[debug] get locationId and print it
2022-06-28 20:58:05.391[debug] 0x14200000047d80b4
2022-06-28 20:58:05.399[debug] Receive getCameras
2022-06-28 20:58:05.400[debug] Serial number of camera: 0x14200000047d80b4
20211109004
2022-06-28 20:58:05.401[debug] getCamerasMac [{"name":"Kensington W2050 Full HD Auto Focus Pro Webcam","path":"0x14200000047d80b4","vid":"047d","pid":"80b4","serialNumber":"20211109004"}]
2022-06-28 20:58:05.401[debug] get locationId and print it
2022-06-28 20:58:05.401[debug] 0x14200000047d80b4
2022-06-28 20:58:05.402[debug] Receive getCameras
2022-06-28 20:58:05.404[debug] Serial number of camera: 0x14200000047d80b4
20211109004
2022-06-28 20:58:05.404[debug] getCamerasMac [{"name":"Kensington W2050 Full HD Auto Focus Pro Webcam","path":"0x14200000047d80b4","vid":"047d","pid":"80b4","serialNumber":"20211109004"}]
2022-06-28 20:58:05.404[debug] get locationId and print it
2022-06-28 20:58:05.404[debug] 0x14200000047d80b4
2022-06-28 20:58:20.515[debug] Receive closeCamera
2022-06-28 20:58:23.860[debug] Receive openCamera
2022-06-28 20:58:23.860[debug] Call openCamera in addon.cpp
2022-06-28 20:58:32.174[debug] startUrl http://localhost:3000
2022-06-28 20:58:32.681[verbose] Receive setVideoLayerPosition 10 10
2022-06-28 20:58:32.682[verbose] Receive setVideoLayerSize 1280 720
2022-06-28 20:58:32.685[debug] Receive getCameras
2022-06-28 20:58:32.705[debug] Serial number of camera: 0x14200000047d80b4
20211109004
2022-06-28 20:58:32.706[debug] getCamerasMac [{"name":"Kensington W2050 Full HD Auto Focus Pro Webcam","path":"0x14200000047d80b4","vid":"047d","pid":"80b4","serialNumber":"20211109004"}]
2022-06-28 20:58:32.706[debug] get locationId and print it
2022-06-28 20:58:32.707[debug] CC26395NF8VG1HNBG
2022-06-28 20:58:32.858[debug] Receive getCameras
2022-06-28 20:58:32.861[debug] Serial number of camera: 0x14200000047d80b4
20211109004
2022-06-28 20:58:32.861[debug] getCamerasMac [{"name":"Kensington W2050 Full HD Auto Focus Pro Webcam","path":"0x14200000047d80b4","vid":"047d","pid":"80b4","serialNumber":"20211109004"}]
2022-06-28 20:58:32.861[debug] get locationId and print it
2022-06-28 20:58:32.862[debug] CC26395NF8VG1HNBG
2022-06-28 20:58:39.063[verbose] Receive setVideoLayerPosition 10 10
2022-06-28 20:58:39.065[verbose] Receive setVideoLayerSize 1280 720
2022-06-28 20:58:51.734[debug] Receive openCamera
2022-06-28 20:58:51.734[debug] Call openCamera in addon.cpp
2022-06-28 20:58:54.791[debug] Receive getCameras
2022-06-28 20:58:54.793[debug] Serial number of camera: 0x14200000047d80b4
20211109004
2022-06-28 20:58:54.793[debug] getCamerasMac [{"name":"Kensington W2050 Full HD Auto Focus Pro Webcam","path":"0x14200000047d80b4","vid":"047d","pid":"80b4","serialNumber":"20211109004"}]
2022-06-28 20:58:54.794[debug] get locationId and print it
2022-06-28 20:58:54.794[debug] CC26395NF8VG1HNBG
2022-06-28 20:58:54.795[debug] Receive setCamera 0x14200000047d80b4
2022-06-28 20:58:54.940[debug] Serial number of camera: 0x14200000047d80b4
20211109004
2022-06-28 20:58:54.940[debug] getCamerasMac [{"name":"Kensington W2050 Full HD Auto Focus Pro Webcam","path":"0x14200000047d80b4","vid":"047d","pid":"80b4","serialNumber":"20211109004"}]
2022-06-28 20:58:54.941[debug] get locationId and print it
2022-06-28 20:58:54.941[debug] 0x14200000047d80b4
2022-06-28 20:58:54.943[debug] Receive getCameras
2022-06-28 20:58:54.945[debug] Serial number of camera: 0x14200000047d80b4
20211109004
2022-06-28 20:58:54.946[debug] getCamerasMac [{"name":"Kensington W2050 Full HD Auto Focus Pro Webcam","path":"0x14200000047d80b4","vid":"047d","pid":"80b4","serialNumber":"20211109004"}]
2022-06-28 20:58:54.946[debug] get locationId and print it
2022-06-28 20:58:54.947[debug] 0x14200000047d80b4
2022-06-28 20:58:54.954[debug] Receive getCameras
2022-06-28 20:58:54.956[debug] Serial number of camera: 0x14200000047d80b4
20211109004
2022-06-28 20:58:54.956[debug] getCamerasMac [{"name":"Kensington W2050 Full HD Auto Focus Pro Webcam","path":"0x14200000047d80b4","vid":"047d","pid":"80b4","serialNumber":"20211109004"}]
2022-06-28 20:58:54.956[debug] get locationId and print it
2022-06-28 20:58:54.956[debug] 0x14200000047d80b4
2022-06-28 20:58:54.959[debug] Receive getCameras
2022-06-28 20:58:54.961[debug] Serial number of camera: 0x14200000047d80b4
20211109004
2022-06-28 20:58:54.961[debug] getCamerasMac [{"name":"Kensington W2050 Full HD Auto Focus Pro Webcam","path":"0x14200000047d80b4","vid":"047d","pid":"80b4","serialNumber":"20211109004"}]
2022-06-28 20:58:54.961[debug] get locationId and print it
2022-06-28 20:58:54.962[debug] 0x14200000047d80b4
2022-06-28 20:58:54.962[debug] Receive getCameras
2022-06-28 20:58:54.967[debug] Serial number of camera: 0x14200000047d80b4
20211109004
2022-06-28 20:58:54.968[debug] getCamerasMac [{"name":"Kensington W2050 Full HD Auto Focus Pro Webcam","path":"0x14200000047d80b4","vid":"047d","pid":"80b4","serialNumber":"20211109004"}]
2022-06-28 20:58:54.969[debug] get locationId and print it
2022-06-28 20:58:54.969[debug] 0x14200000047d80b4
