2022-06-28 13:32:38.047[debug] startUrl http://localhost:3000
2022-06-28 13:32:39.107[verbose] Receive setVideoLayerPosition 10 721
2022-06-28 13:32:39.107[verbose] Receive setVideoLayerSize 1420 637
2022-06-28 13:32:39.120[debug] Receive getCameras
2022-06-28 13:32:39.441[debug] Serial number of camera: 0x14200000047d80b4
20211109004
2022-06-28 13:32:39.442[debug] getCamerasMac [{"name":"Kensington W2050 Full HD Auto Focus Pro Webcam","path":"0x14200000047d80b4","vid":"047d","pid":"80b4","serialNumber":"20211109004"}]
2022-06-28 13:32:39.442[debug] start _getCamera in ipc.ts and set locationID
2022-06-28 13:32:39.443[debug] get locationId and print it
2022-06-28 13:32:39.443[debug] 
2022-06-28 13:32:39.465[debug] Receive getCameras
2022-06-28 13:32:39.467[debug] Serial number of camera: 0x14200000047d80b4
20211109004
2022-06-28 13:32:39.467[debug] getCamerasMac [{"name":"Kensington W2050 Full HD Auto Focus Pro Webcam","path":"0x14200000047d80b4","vid":"047d","pid":"80b4","serialNumber":"20211109004"}]
2022-06-28 13:32:39.467[debug] start _getCamera in ipc.ts and set locationID
2022-06-28 13:32:39.468[debug] get locationId and print it
2022-06-28 13:32:39.468[debug] 
2022-06-28 13:41:57.949[debug] startUrl http://localhost:3000
2022-06-28 13:41:58.613[verbose] Receive setVideoLayerPosition 10 721
2022-06-28 13:41:58.614[verbose] Receive setVideoLayerSize 1420 637
2022-06-28 13:41:58.615[debug] Receive getCameras
2022-06-28 13:41:58.977[debug] Serial number of camera: 0x14200000047d80b4
20211109004
2022-06-28 13:41:58.979[debug] getCamerasMac [{"name":"Kensington W2050 Full HD Auto Focus Pro Webcam","path":"0x14200000047d80b4","vid":"047d","pid":"80b4","serialNumber":"20211109004"}]
2022-06-28 13:41:58.980[debug] start _getCamera in ipc.ts and set locationID
2022-06-28 13:41:58.981[debug] get locationId and print it
2022-06-28 13:41:58.982[debug] 
2022-06-28 13:41:59.015[debug] Receive getCameras
2022-06-28 13:41:59.017[debug] Serial number of camera: 0x14200000047d80b4
20211109004
2022-06-28 13:41:59.018[debug] getCamerasMac [{"name":"Kensington W2050 Full HD Auto Focus Pro Webcam","path":"0x14200000047d80b4","vid":"047d","pid":"80b4","serialNumber":"20211109004"}]
2022-06-28 13:41:59.018[debug] start _getCamera in ipc.ts and set locationID
2022-06-28 13:41:59.019[debug] get locationId and print it
2022-06-28 13:41:59.019[debug] 
