2022-06-24 18:06:08.194[debug] startUrl http://localhost:3000
2022-06-24 18:06:09.954[verbose] Receive setVideoLayerPosition 10 678
2022-06-24 18:06:09.955[verbose] Receive setVideoLayerSize 1260 595
2022-06-24 18:06:09.957[debug] Receive getCameras
2022-06-24 18:06:09.978[debug] Serial number of camera: 0x14100000047d80b3
20211110001
2022-06-24 18:06:09.979[debug] getCamerasMac [{"name":"Kensington W2000 Full HD Auto Focus Webcam","path":"0x14100000047d80b3","vid":"047d","pid":"80b3","serialNumber":"20211110001"}]
2022-06-24 18:06:09.980[debug] test1
2022-06-24 18:06:10.062[debug] 0x14100000047d80b3
2022-06-24 18:06:10.062[debug] test2
2022-06-24 18:06:10.168[debug] Receive getCameras
2022-06-24 18:06:10.171[debug] Serial number of camera: 0x14100000047d80b3
20211110001
2022-06-24 18:06:10.171[debug] getCamerasMac [{"name":"Kensington W2000 Full HD Auto Focus Webcam","path":"0x14100000047d80b3","vid":"047d","pid":"80b3","serialNumber":"20211110001"}]
2022-06-24 18:06:10.172[debug] test1
2022-06-24 18:06:10.201[debug] 0x14100000047d80b3
2022-06-24 18:06:10.203[debug] test2
2022-06-24 18:06:10.262[debug] Receive getCameras
2022-06-24 18:06:10.263[debug] Serial number of camera: 0x14100000047d80b3
20211110001
2022-06-24 18:06:10.264[debug] getCamerasMac [{"name":"Kensington W2000 Full HD Auto Focus Webcam","path":"0x14100000047d80b3","vid":"047d","pid":"80b3","serialNumber":"20211110001"}]
2022-06-24 18:06:10.264[debug] test1
2022-06-24 18:06:10.287[debug] 0x14100000047d80b3
2022-06-24 18:06:10.287[debug] test2
2022-06-24 18:06:16.529[debug] Receive openCamera
2022-06-24 18:10:40.480[debug] startUrl http://localhost:3000
2022-06-24 18:10:41.736[verbose] Receive setVideoLayerPosition 10 678
2022-06-24 18:10:41.738[verbose] Receive setVideoLayerSize 1260 595
2022-06-24 18:10:41.739[debug] Receive getCameras
2022-06-24 18:10:41.829[debug] Serial number of camera: 0x14100000047d80b3
20211110001
2022-06-24 18:10:41.838[debug] getCamerasMac [{"name":"Kensington W2000 Full HD Auto Focus Webcam","path":"0x14100000047d80b3","vid":"047d","pid":"80b3","serialNumber":"20211110001"}]
2022-06-24 18:10:41.841[debug] test1
2022-06-24 18:10:41.928[debug] 0x14100000047d80b3
2022-06-24 18:10:41.929[debug] test2
2022-06-24 18:10:41.999[debug] Receive getCameras
2022-06-24 18:10:42.001[debug] Serial number of camera: 0x14100000047d80b3
20211110001
2022-06-24 18:10:42.002[debug] getCamerasMac [{"name":"Kensington W2000 Full HD Auto Focus Webcam","path":"0x14100000047d80b3","vid":"047d","pid":"80b3","serialNumber":"20211110001"}]
2022-06-24 18:10:42.002[debug] test1
2022-06-24 18:10:42.035[debug] 0x14100000047d80b3
2022-06-24 18:10:42.035[debug] test2
2022-06-24 18:10:42.039[debug] Receive getCameras
2022-06-24 18:10:42.041[debug] Serial number of camera: 0x14100000047d80b3
20211110001
2022-06-24 18:10:42.041[debug] getCamerasMac [{"name":"Kensington W2000 Full HD Auto Focus Webcam","path":"0x14100000047d80b3","vid":"047d","pid":"80b3","serialNumber":"20211110001"}]
2022-06-24 18:10:42.041[debug] test1
2022-06-24 18:10:42.060[debug] 0x14100000047d80b3
2022-06-24 18:10:42.060[debug] test2
2022-06-24 18:12:31.674[debug] startUrl http://localhost:3000
2022-06-24 18:12:33.406[verbose] Receive setVideoLayerPosition 10 678
2022-06-24 18:12:33.407[verbose] Receive setVideoLayerSize 1260 595
2022-06-24 18:12:33.414[debug] Receive getCameras
2022-06-24 18:12:33.426[debug] Serial number of camera: 0x14100000047d80b3
20211110001
2022-06-24 18:12:33.427[debug] getCamerasMac [{"name":"Kensington W2000 Full HD Auto Focus Webcam","path":"0x14100000047d80b3","vid":"047d","pid":"80b3","serialNumber":"20211110001"}]
2022-06-24 18:12:33.427[debug] test1
2022-06-24 18:12:33.467[debug] 0x14100000047d80b3
2022-06-24 18:12:33.467[debug] test2
2022-06-24 18:12:33.510[debug] Receive getCameras
2022-06-24 18:12:33.512[debug] Serial number of camera: 0x14100000047d80b3
20211110001
2022-06-24 18:12:33.512[debug] getCamerasMac [{"name":"Kensington W2000 Full HD Auto Focus Webcam","path":"0x14100000047d80b3","vid":"047d","pid":"80b3","serialNumber":"20211110001"}]
2022-06-24 18:12:33.513[debug] test1
2022-06-24 18:12:33.533[debug] 0x14100000047d80b3
2022-06-24 18:12:33.533[debug] test2
2022-06-24 18:12:33.534[debug] Receive getCameras
2022-06-24 18:12:33.536[debug] Serial number of camera: 0x14100000047d80b3
20211110001
2022-06-24 18:12:33.536[debug] getCamerasMac [{"name":"Kensington W2000 Full HD Auto Focus Webcam","path":"0x14100000047d80b3","vid":"047d","pid":"80b3","serialNumber":"20211110001"}]
2022-06-24 18:12:33.536[debug] test1
2022-06-24 18:12:33.559[debug] 0x14100000047d80b3
2022-06-24 18:12:33.560[debug] test2
2022-06-24 18:12:38.884[debug] Receive openCamera
2022-06-24 18:12:38.884[debug] isopenture
2022-06-24 18:15:49.218[debug] startUrl http://localhost:3000
2022-06-24 18:15:50.513[verbose] Receive setVideoLayerPosition 10 678
2022-06-24 18:15:50.514[verbose] Receive setVideoLayerSize 1260 595
2022-06-24 18:15:50.515[debug] Receive getCameras
2022-06-24 18:15:50.552[debug] Serial number of camera: 0x14100000047d80b3
20211110001
2022-06-24 18:15:50.552[debug] getCamerasMac [{"name":"Kensington W2000 Full HD Auto Focus Webcam","path":"0x14100000047d80b3","vid":"047d","pid":"80b3","serialNumber":"20211110001"}]
2022-06-24 18:15:50.553[debug] test1
2022-06-24 18:15:50.594[debug] 0x14100000047d80b3
2022-06-24 18:15:50.594[debug] test2
2022-06-24 18:15:50.724[debug] Receive getCameras
2022-06-24 18:15:50.726[debug] Serial number of camera: 0x14100000047d80b3
20211110001
2022-06-24 18:15:50.727[debug] getCamerasMac [{"name":"Kensington W2000 Full HD Auto Focus Webcam","path":"0x14100000047d80b3","vid":"047d","pid":"80b3","serialNumber":"20211110001"}]
2022-06-24 18:15:50.727[debug] test1
2022-06-24 18:15:50.747[debug] 0x14100000047d80b3
2022-06-24 18:15:50.747[debug] test2
2022-06-24 18:15:50.748[debug] Receive getCameras
2022-06-24 18:15:50.749[debug] Serial number of camera: 0x14100000047d80b3
20211110001
2022-06-24 18:15:50.749[debug] getCamerasMac [{"name":"Kensington W2000 Full HD Auto Focus Webcam","path":"0x14100000047d80b3","vid":"047d","pid":"80b3","serialNumber":"20211110001"}]
2022-06-24 18:15:50.750[debug] test1
2022-06-24 18:15:50.780[debug] 0x14100000047d80b3
2022-06-24 18:15:50.780[debug] test2
2022-06-24 18:15:55.886[debug] Receive openCamera
2022-06-24 18:15:55.886[debug] isopenture
2022-06-24 18:20:44.457[debug] startUrl http://localhost:3000
2022-06-24 18:20:45.856[verbose] Receive setVideoLayerPosition 10 678
2022-06-24 18:20:45.857[verbose] Receive setVideoLayerSize 1260 595
2022-06-24 18:20:45.858[debug] Receive getCameras
2022-06-24 18:20:45.892[debug] Serial number of camera: 0x14100000047d80b3
20211110001
2022-06-24 18:20:45.893[debug] getCamerasMac [{"name":"Kensington W2000 Full HD Auto Focus Webcam","path":"0x14100000047d80b3","vid":"047d","pid":"80b3","serialNumber":"20211110001"}]
2022-06-24 18:20:45.893[debug] test1
2022-06-24 18:20:45.943[debug] 0x14100000047d80b3
2022-06-24 18:20:45.943[debug] test2
2022-06-24 18:20:46.086[debug] Receive getCameras
2022-06-24 18:20:46.088[debug] Serial number of camera: 0x14100000047d80b3
20211110001
2022-06-24 18:20:46.089[debug] getCamerasMac [{"name":"Kensington W2000 Full HD Auto Focus Webcam","path":"0x14100000047d80b3","vid":"047d","pid":"80b3","serialNumber":"20211110001"}]
2022-06-24 18:20:46.089[debug] test1
2022-06-24 18:20:46.121[debug] 0x14100000047d80b3
2022-06-24 18:20:46.122[debug] test2
2022-06-24 18:20:46.145[debug] Receive getCameras
2022-06-24 18:20:46.149[debug] Serial number of camera: 0x14100000047d80b3
20211110001
2022-06-24 18:20:46.150[debug] getCamerasMac [{"name":"Kensington W2000 Full HD Auto Focus Webcam","path":"0x14100000047d80b3","vid":"047d","pid":"80b3","serialNumber":"20211110001"}]
2022-06-24 18:20:46.150[debug] test1
2022-06-24 18:20:46.182[debug] 0x14100000047d80b3
2022-06-24 18:20:46.182[debug] test2
2022-06-24 18:20:52.765[debug] Receive openCamera
2022-06-24 18:20:52.765[debug] isopenture
