2022-06-28 23:18:53.146[debug] startUrl http://localhost:3000
2022-06-28 23:18:54.251[verbose] Receive setVideoLayerPosition 10 10
2022-06-28 23:18:54.272[verbose] Receive setVideoLayerSize 1280 720
2022-06-28 23:18:54.280[debug] Receive getCameras
2022-06-28 23:18:54.300[debug] Serial number of camera: 0x14200000047d80b4
20211109004
2022-06-28 23:18:54.300[debug] getCamerasMac [{"name":"Kensington W2050 Full HD Auto Focus Pro Webcam","path":"0x14200000047d80b4","vid":"047d","pid":"80b4","serialNumber":"20211109004"}]
2022-06-28 23:18:54.301[debug] get locationId and print it
2022-06-28 23:18:54.301[debug] CC26395NF8VG1HNBG
2022-06-28 23:18:54.378[debug] Receive getCameras
2022-06-28 23:18:54.380[debug] Serial number of camera: 0x14200000047d80b4
20211109004
2022-06-28 23:18:54.381[debug] getCamerasMac [{"name":"Kensington W2050 Full HD Auto Focus Pro Webcam","path":"0x14200000047d80b4","vid":"047d","pid":"80b4","serialNumber":"20211109004"}]
2022-06-28 23:18:54.381[debug] get locationId and print it
2022-06-28 23:18:54.382[debug] CC26395NF8VG1HNBG
2022-06-28 23:19:00.887[debug] Receive getCameras
2022-06-28 23:19:00.889[debug] Serial number of camera: 0x14200000047d80b4
20211109004
2022-06-28 23:19:00.890[debug] getCamerasMac [{"name":"Kensington W2050 Full HD Auto Focus Pro Webcam","path":"0x14200000047d80b4","vid":"047d","pid":"80b4","serialNumber":"20211109004"}]
2022-06-28 23:19:00.890[debug] get locationId and print it
2022-06-28 23:19:00.890[debug] CC26395NF8VG1HNBG
2022-06-28 23:19:00.890[debug] Receive setCamera 0x14200000047d80b4
2022-06-28 23:19:00.979[debug] Serial number of camera: 0x14200000047d80b4
20211109004
2022-06-28 23:19:00.979[debug] getCamerasMac [{"name":"Kensington W2050 Full HD Auto Focus Pro Webcam","path":"0x14200000047d80b4","vid":"047d","pid":"80b4","serialNumber":"20211109004"}]
2022-06-28 23:19:00.979[debug] get locationId and print it
2022-06-28 23:19:00.979[debug] 0x14200000047d80b4
2022-06-28 23:19:00.984[debug] Receive getCameras
2022-06-28 23:19:00.987[debug] Serial number of camera: 0x14200000047d80b4
20211109004
2022-06-28 23:19:00.988[debug] getCamerasMac [{"name":"Kensington W2050 Full HD Auto Focus Pro Webcam","path":"0x14200000047d80b4","vid":"047d","pid":"80b4","serialNumber":"20211109004"}]
2022-06-28 23:19:00.988[debug] get locationId and print it
2022-06-28 23:19:00.989[debug] 0x14200000047d80b4
2022-06-28 23:19:00.994[debug] Receive getCameras
2022-06-28 23:19:00.996[debug] Serial number of camera: 0x14200000047d80b4
20211109004
2022-06-28 23:19:00.996[debug] getCamerasMac [{"name":"Kensington W2050 Full HD Auto Focus Pro Webcam","path":"0x14200000047d80b4","vid":"047d","pid":"80b4","serialNumber":"20211109004"}]
2022-06-28 23:19:00.997[debug] get locationId and print it
2022-06-28 23:19:00.998[debug] 0x14200000047d80b4
2022-06-28 23:19:01.032[debug] Receive getCameras
2022-06-28 23:19:01.036[debug] Serial number of camera: 0x14200000047d80b4
20211109004
2022-06-28 23:19:01.037[debug] getCamerasMac [{"name":"Kensington W2050 Full HD Auto Focus Pro Webcam","path":"0x14200000047d80b4","vid":"047d","pid":"80b4","serialNumber":"20211109004"}]
2022-06-28 23:19:01.038[debug] get locationId and print it
2022-06-28 23:19:01.039[debug] 0x14200000047d80b4
2022-06-28 23:19:01.043[debug] Receive getCameras
2022-06-28 23:19:01.044[debug] Serial number of camera: 0x14200000047d80b4
20211109004
2022-06-28 23:19:01.045[debug] getCamerasMac [{"name":"Kensington W2050 Full HD Auto Focus Pro Webcam","path":"0x14200000047d80b4","vid":"047d","pid":"80b4","serialNumber":"20211109004"}]
2022-06-28 23:19:01.045[debug] get locationId and print it
2022-06-28 23:19:01.045[debug] 0x14200000047d80b4
2022-06-28 23:19:03.749[debug] Receive openCamera
2022-06-28 23:19:03.749[debug] Call openCamera in addon.cpp
2022-06-28 23:19:25.395[debug] Receive openCamera
2022-06-28 23:19:25.395[debug] Call openCamera in addon.cpp
2022-06-28 23:19:25.582[debug] Receive openCamera
2022-06-28 23:19:25.583[debug] Call openCamera in addon.cpp
2022-06-28 23:19:25.707[debug] Receive openCamera
2022-06-28 23:19:25.707[debug] Call openCamera in addon.cpp
2022-06-28 23:19:26.170[debug] Receive closeCamera
2022-06-28 23:19:26.961[debug] Receive openCamera
2022-06-28 23:19:26.961[debug] Call openCamera in addon.cpp
2022-06-28 23:19:27.121[debug] Receive openCamera
2022-06-28 23:19:27.121[debug] Call openCamera in addon.cpp
2022-06-28 23:19:27.511[debug] Receive closeCamera
2022-06-28 23:19:28.168[debug] Receive openCamera
2022-06-28 23:19:28.168[debug] Call openCamera in addon.cpp
2022-06-28 23:19:28.621[debug] Receive closeCamera
2022-06-28 23:19:29.055[debug] Receive openCamera
2022-06-28 23:19:29.055[debug] Call openCamera in addon.cpp
2022-06-28 23:19:29.565[debug] Receive closeCamera
2022-06-28 23:22:36.889[debug] startUrl http://localhost:3000
2022-06-28 23:22:37.970[verbose] Receive setVideoLayerPosition 10 10
2022-06-28 23:22:37.978[verbose] Receive setVideoLayerSize 1280 720
2022-06-28 23:22:37.982[debug] Receive getCameras
2022-06-28 23:22:37.992[debug] Serial number of camera: 0x14200000047d80b4
20211109004
2022-06-28 23:22:37.993[debug] getCamerasMac [{"name":"Kensington W2050 Full HD Auto Focus Pro Webcam","path":"0x14200000047d80b4","vid":"047d","pid":"80b4","serialNumber":"20211109004"}]
2022-06-28 23:22:37.993[debug] get locationId and print it
2022-06-28 23:22:37.994[debug] CC26395NF8VG1HNBG
2022-06-28 23:22:38.075[debug] Receive getCameras
2022-06-28 23:22:38.077[debug] Serial number of camera: 0x14200000047d80b4
20211109004
2022-06-28 23:22:38.078[debug] getCamerasMac [{"name":"Kensington W2050 Full HD Auto Focus Pro Webcam","path":"0x14200000047d80b4","vid":"047d","pid":"80b4","serialNumber":"20211109004"}]
2022-06-28 23:22:38.078[debug] get locationId and print it
2022-06-28 23:22:38.078[debug] CC26395NF8VG1HNBG
2022-06-28 23:23:05.828[debug] Receive openCamera
2022-06-28 23:23:05.829[debug] Call openCamera in addon.cpp
2022-06-28 23:23:14.210[debug] Receive closeCamera
2022-06-28 23:23:16.025[debug] Receive getCameras
2022-06-28 23:23:16.029[debug] Serial number of camera: 0x14200000047d80b4
20211109004
2022-06-28 23:23:16.030[debug] getCamerasMac [{"name":"Kensington W2050 Full HD Auto Focus Pro Webcam","path":"0x14200000047d80b4","vid":"047d","pid":"80b4","serialNumber":"20211109004"}]
2022-06-28 23:23:16.031[debug] get locationId and print it
2022-06-28 23:23:16.032[debug] CC26395NF8VG1HNBG
2022-06-28 23:23:16.034[debug] Receive setCamera 0x14200000047d80b4
2022-06-28 23:23:16.115[debug] Serial number of camera: 0x14200000047d80b4
20211109004
2022-06-28 23:23:16.115[debug] getCamerasMac [{"name":"Kensington W2050 Full HD Auto Focus Pro Webcam","path":"0x14200000047d80b4","vid":"047d","pid":"80b4","serialNumber":"20211109004"}]
2022-06-28 23:23:16.116[debug] get locationId and print it
2022-06-28 23:23:16.117[debug] 0x14200000047d80b4
2022-06-28 23:23:16.118[debug] Receive getCameras
2022-06-28 23:23:16.121[debug] Serial number of camera: 0x14200000047d80b4
20211109004
2022-06-28 23:23:16.122[debug] getCamerasMac [{"name":"Kensington W2050 Full HD Auto Focus Pro Webcam","path":"0x14200000047d80b4","vid":"047d","pid":"80b4","serialNumber":"20211109004"}]
2022-06-28 23:23:16.122[debug] get locationId and print it
2022-06-28 23:23:16.122[debug] 0x14200000047d80b4
2022-06-28 23:23:16.144[debug] Receive getCameras
2022-06-28 23:23:16.148[debug] Serial number of camera: 0x14200000047d80b4
20211109004
2022-06-28 23:23:16.149[debug] getCamerasMac [{"name":"Kensington W2050 Full HD Auto Focus Pro Webcam","path":"0x14200000047d80b4","vid":"047d","pid":"80b4","serialNumber":"20211109004"}]
2022-06-28 23:23:16.149[debug] get locationId and print it
2022-06-28 23:23:16.149[debug] 0x14200000047d80b4
2022-06-28 23:23:16.150[debug] Receive getCameras
2022-06-28 23:23:16.152[debug] Serial number of camera: 0x14200000047d80b4
20211109004
2022-06-28 23:23:16.152[debug] getCamerasMac [{"name":"Kensington W2050 Full HD Auto Focus Pro Webcam","path":"0x14200000047d80b4","vid":"047d","pid":"80b4","serialNumber":"20211109004"}]
2022-06-28 23:23:16.153[debug] get locationId and print it
2022-06-28 23:23:16.153[debug] 0x14200000047d80b4
2022-06-28 23:23:16.172[debug] Receive getCameras
2022-06-28 23:23:16.176[debug] Serial number of camera: 0x14200000047d80b4
20211109004
2022-06-28 23:23:16.177[debug] getCamerasMac [{"name":"Kensington W2050 Full HD Auto Focus Pro Webcam","path":"0x14200000047d80b4","vid":"047d","pid":"80b4","serialNumber":"20211109004"}]
2022-06-28 23:23:16.177[debug] get locationId and print it
2022-06-28 23:23:16.178[debug] 0x14200000047d80b4
2022-06-28 23:23:31.053[debug] Receive openCamera
2022-06-28 23:23:31.054[debug] Call openCamera in addon.cpp
2022-06-28 23:23:47.129[debug] Receive closeCamera
2022-06-28 23:27:07.624[debug] startUrl http://localhost:3000
2022-06-28 23:27:09.022[verbose] Receive setVideoLayerPosition 10 10
2022-06-28 23:27:09.025[verbose] Receive setVideoLayerSize 1280 720
2022-06-28 23:27:09.028[debug] Receive getCameras
2022-06-28 23:27:09.040[debug] Serial number of camera: 0x14200000047d80b4
20211109004
2022-06-28 23:27:09.041[debug] getCamerasMac [{"name":"Kensington W2050 Full HD Auto Focus Pro Webcam","path":"0x14200000047d80b4","vid":"047d","pid":"80b4","serialNumber":"20211109004"}]
2022-06-28 23:27:09.041[debug] get locationId and print it
2022-06-28 23:27:09.042[debug] CC26395NF8VG1HNBG
2022-06-28 23:27:09.084[debug] Receive getCameras
2022-06-28 23:27:09.087[debug] Serial number of camera: 0x14200000047d80b4
20211109004
2022-06-28 23:27:09.088[debug] getCamerasMac [{"name":"Kensington W2050 Full HD Auto Focus Pro Webcam","path":"0x14200000047d80b4","vid":"047d","pid":"80b4","serialNumber":"20211109004"}]
2022-06-28 23:27:09.089[debug] get locationId and print it
2022-06-28 23:27:09.090[debug] CC26395NF8VG1HNBG
2022-06-28 23:37:20.297[debug] startUrl http://localhost:3000
2022-06-28 23:37:20.861[verbose] Receive setVideoLayerPosition 10 10
2022-06-28 23:37:20.865[verbose] Receive setVideoLayerSize 1280 720
2022-06-28 23:37:20.865[debug] Receive getCameras
2022-06-28 23:37:20.878[debug] Serial number of camera: 0x14200000047d80b4
20211109004
2022-06-28 23:37:20.879[debug] getCamerasMac [{"name":"Kensington W2050 Full HD Auto Focus Pro Webcam","path":"0x14200000047d80b4","vid":"047d","pid":"80b4","serialNumber":"20211109004"}]
2022-06-28 23:37:20.880[debug] get locationId and print it
2022-06-28 23:37:20.880[debug] CC26395NF8VG1HNBG
2022-06-28 23:37:21.072[debug] Receive getCameras
2022-06-28 23:37:21.074[debug] Serial number of camera: 0x14200000047d80b4
20211109004
2022-06-28 23:37:21.074[debug] getCamerasMac [{"name":"Kensington W2050 Full HD Auto Focus Pro Webcam","path":"0x14200000047d80b4","vid":"047d","pid":"80b4","serialNumber":"20211109004"}]
2022-06-28 23:37:21.074[debug] get locationId and print it
2022-06-28 23:37:21.075[debug] CC26395NF8VG1HNBG
