2022-06-24 15:01:49.451[debug] startUrl http://localhost:3000
2022-06-24 15:01:50.516[verbose] Receive setVideoLayerPosition 10 679
2022-06-24 15:07:43.756[debug] startUrl http://localhost:3000
2022-06-24 15:07:44.792[verbose] Receive setVideoLayerPosition 10 679
2022-06-24 15:13:09.675[debug] startUrl http://localhost:3000
2022-06-24 15:13:10.933[verbose] Receive setVideoLayerPosition 10 678
2022-06-24 15:17:57.142[debug] startUrl http://localhost:3000
2022-06-24 15:17:58.447[verbose] Receive setVideoLayerPosition 10 678
2022-06-24 15:17:58.450[verbose] Receive setVideoLayerSize 1260 595
2022-06-24 15:24:33.115[debug] startUrl http://localhost:3000
2022-06-24 15:24:34.656[verbose] Receive setVideoLayerPosition 10 678
2022-06-24 15:28:25.958[debug] startUrl http://localhost:3000
2022-06-24 15:28:27.250[verbose] Receive setVideoLayerPosition 10 679
2022-06-24 15:31:03.128[debug] startUrl http://localhost:3000
2022-06-24 15:31:04.475[verbose] Receive setVideoLayerPosition 10 679
2022-06-24 15:33:35.332[debug] startUrl http://localhost:3000
2022-06-24 15:33:36.329[verbose] Receive setVideoLayerPosition 10 679
2022-06-24 15:33:36.353[verbose] Receive setVideoLayerSize 1260 596
2022-06-24 15:33:36.356[debug] Receive getCameras
2022-06-24 15:33:36.759[debug] Serial number of camera: 0x14100000047d80b3
20211110001
2022-06-24 15:33:36.760[debug] getCamerasMac [{"name":"Kensington W2000 Full HD Auto Focus Webcam","path":"0x14100000047d80b3","vid":"047d","pid":"80b3","serialNumber":"20211110001"}]
2022-06-24 15:33:36.760[debug] test1
2022-06-24 15:33:36.761[debug] isture
2022-06-24 15:33:36.762[debug] strid:
2022-06-24 15:33:36.762[debug] test2
2022-06-24 15:33:36.785[debug] Receive getCameras
2022-06-24 15:33:36.786[debug] Serial number of camera: 0x14100000047d80b3
20211110001
2022-06-24 15:33:36.787[debug] getCamerasMac [{"name":"Kensington W2000 Full HD Auto Focus Webcam","path":"0x14100000047d80b3","vid":"047d","pid":"80b3","serialNumber":"20211110001"}]
2022-06-24 15:33:36.787[debug] test1
2022-06-24 15:33:36.787[debug] isture
2022-06-24 15:33:36.788[debug] strid:
2022-06-24 15:33:36.788[debug] test2
2022-06-24 15:33:36.789[debug] Receive getCameras
2022-06-24 15:33:36.791[debug] Serial number of camera: 0x14100000047d80b3
20211110001
2022-06-24 15:33:36.791[debug] getCamerasMac [{"name":"Kensington W2000 Full HD Auto Focus Webcam","path":"0x14100000047d80b3","vid":"047d","pid":"80b3","serialNumber":"20211110001"}]
2022-06-24 15:33:36.791[debug] test1
2022-06-24 15:33:36.792[debug] isture
2022-06-24 15:33:36.792[debug] strid:
2022-06-24 15:33:36.792[debug] test2
2022-06-24 15:33:57.919[debug] Receive openCamera
2022-06-24 15:38:43.767[debug] startUrl http://localhost:3000
2022-06-24 15:38:45.096[verbose] Receive setVideoLayerPosition 10 678
2022-06-24 15:44:50.639[debug] startUrl http://localhost:3000
2022-06-24 15:44:52.311[verbose] Receive setVideoLayerPosition 10 678
2022-06-24 15:48:22.882[debug] startUrl http://localhost:3000
2022-06-24 15:48:24.323[verbose] Receive setVideoLayerPosition 10 678
2022-06-24 15:53:15.024[debug] startUrl http://localhost:3000
2022-06-24 15:53:16.337[verbose] Receive setVideoLayerPosition 10 678
