2022-06-28 10:58:13.453[debug] startUrl http://localhost:3000
2022-06-28 10:58:14.689[verbose] Receive setVideoLayerPosition 10 726
2022-06-28 10:58:14.693[verbose] Receive setVideoLayerSize 1420 642
2022-06-28 10:58:14.695[debug] Receive getCameras
2022-06-28 10:58:15.046[debug] Serial number of camera: 0x14200000047d80b4
20211109004
2022-06-28 10:58:15.046[debug] getCamerasMac [{"name":"Kensington W2050 Full HD Auto Focus Pro Webcam","path":"0x14200000047d80b4","vid":"047d","pid":"80b4","serialNumber":"20211109004"}]
2022-06-28 10:58:15.047[debug] start _getCamera in ipc.ts and set locationID
2022-06-28 10:58:15.047[debug] get locationId and print it
2022-06-28 10:58:15.048[debug] 
2022-06-28 10:58:15.061[debug] Receive getCameras
2022-06-28 10:58:15.063[debug] Serial number of camera: 0x14200000047d80b4
20211109004
2022-06-28 10:58:15.063[debug] getCamerasMac [{"name":"Kensington W2050 Full HD Auto Focus Pro Webcam","path":"0x14200000047d80b4","vid":"047d","pid":"80b4","serialNumber":"20211109004"}]
2022-06-28 10:58:15.063[debug] start _getCamera in ipc.ts and set locationID
2022-06-28 10:58:15.064[debug] get locationId and print it
2022-06-28 10:58:15.064[debug] 
2022-06-28 10:58:20.536[debug] Receive getCameras
2022-06-28 10:58:20.544[debug] Serial number of camera: 0x14200000047d80b4
20211109004
2022-06-28 10:58:20.545[debug] getCamerasMac [{"name":"Kensington W2050 Full HD Auto Focus Pro Webcam","path":"0x14200000047d80b4","vid":"047d","pid":"80b4","serialNumber":"20211109004"}]
2022-06-28 10:58:20.545[debug] start _getCamera in ipc.ts and set locationID
2022-06-28 10:58:20.545[debug] get locationId and print it
2022-06-28 10:58:20.545[debug] 
2022-06-28 10:58:20.547[debug] Receive setCamera 0x14200000047d80b4
2022-06-28 10:58:20.550[debug] Serial number of camera: 0x14200000047d80b4
20211109004
2022-06-28 10:58:20.551[debug] getCamerasMac [{"name":"Kensington W2050 Full HD Auto Focus Pro Webcam","path":"0x14200000047d80b4","vid":"047d","pid":"80b4","serialNumber":"20211109004"}]
2022-06-28 10:58:20.551[debug] start _getCamera in ipc.ts and set locationID
2022-06-28 10:58:20.552[debug] get locationId and print it
2022-06-28 10:58:20.552[debug] 
2022-06-28 10:58:20.581[debug] Receive getCameras
2022-06-28 10:58:20.586[debug] Serial number of camera: 0x14200000047d80b4
20211109004
2022-06-28 10:58:20.587[debug] getCamerasMac [{"name":"Kensington W2050 Full HD Auto Focus Pro Webcam","path":"0x14200000047d80b4","vid":"047d","pid":"80b4","serialNumber":"20211109004"}]
2022-06-28 10:58:20.587[debug] start _getCamera in ipc.ts and set locationID
2022-06-28 10:58:20.587[debug] get locationId and print it
2022-06-28 10:58:20.588[debug] 
2022-06-28 10:58:23.118[debug] Receive getCameras
2022-06-28 10:58:23.120[debug] Serial number of camera: 0x14200000047d80b4
20211109004
2022-06-28 10:58:23.120[debug] getCamerasMac [{"name":"Kensington W2050 Full HD Auto Focus Pro Webcam","path":"0x14200000047d80b4","vid":"047d","pid":"80b4","serialNumber":"20211109004"}]
2022-06-28 10:58:23.121[debug] start _getCamera in ipc.ts and set locationID
2022-06-28 10:58:23.121[debug] get locationId and print it
2022-06-28 10:58:23.122[debug] 
2022-06-28 10:58:23.131[debug] Receive setCamera 0x14200000047d80b4
2022-06-28 10:58:23.134[debug] Serial number of camera: 0x14200000047d80b4
20211109004
2022-06-28 10:58:23.134[debug] getCamerasMac [{"name":"Kensington W2050 Full HD Auto Focus Pro Webcam","path":"0x14200000047d80b4","vid":"047d","pid":"80b4","serialNumber":"20211109004"}]
2022-06-28 10:58:23.134[debug] start _getCamera in ipc.ts and set locationID
2022-06-28 10:58:23.134[debug] get locationId and print it
2022-06-28 10:58:23.135[debug] 
2022-06-28 10:58:23.155[debug] Receive getCameras
2022-06-28 10:58:23.160[debug] Serial number of camera: 0x14200000047d80b4
20211109004
2022-06-28 10:58:23.161[debug] getCamerasMac [{"name":"Kensington W2050 Full HD Auto Focus Pro Webcam","path":"0x14200000047d80b4","vid":"047d","pid":"80b4","serialNumber":"20211109004"}]
2022-06-28 10:58:23.162[debug] start _getCamera in ipc.ts and set locationID
2022-06-28 10:58:23.162[debug] get locationId and print it
2022-06-28 10:58:23.162[debug] 
2022-06-28 10:58:26.826[debug] Receive openCamera
